#
# There is insufficient memory for the Java Runtime Environment to continue.
# Native memory allocation (malloc) failed to allocate 356592 bytes. Error detail: Chunk::new
# Possible reasons:
#   The system is out of physical RAM or swap space
#   This process is running with CompressedOops enabled, and the Java Heap may be blocking the growth of the native heap
# Possible solutions:
#   Reduce memory load on the system
#   Increase physical memory or swap space
#   Check if swap backing store is full
#   Decrease Java heap size (-Xmx/-Xms)
#   Decrease number of Java threads
#   Decrease Java thread stack sizes (-Xss)
#   Set larger code cache with -XX:ReservedCodeCacheSize=
#   JVM is running with Unscaled Compressed Oops mode in which the Java heap is
#     placed in the first 4GB address space. The Java Heap base address is the
#     maximum limit for the native heap growth. Please use -XX:HeapBaseMinAddress
#     to set the Java Heap base and to place the Java Heap above 4GB virtual address.
# This output file may be truncated or incomplete.
#
#  Out of Memory Error (arena.cpp:168), pid=30484, tid=16248
#
# JRE version: OpenJDK Runtime Environment Corretto-21.0.4.7.1 (21.0.4+7) (build 21.0.4+7-LTS)
# Java VM: OpenJDK 64-Bit Server VM Corretto-21.0.4.7.1 (21.0.4+7-LTS, mixed mode, sharing, tiered, compressed oops, compressed class ptrs, g1 gc, windows-amd64)
# No core dump will be written. Minidumps are not enabled by default on client versions of Windows
#

---------------  S U M M A R Y ------------

Command Line: -Dfile.encoding=UTF-8 -Dstdout.encoding=UTF-8 -Dstderr.encoding=UTF-8 -XX:+ShowCodeDetailsInExceptionMessages com.jp.ems.EmsApplication

Host: AMD Ryzen 5 3450U with Radeon Vega Mobile Gfx  , 8 cores, 5G,  Windows 11 , 64 bit Build 26100 (10.0.26100.8328)
Time: Mon Jun 22 10:08:31 2026 India Standard Time elapsed time: 15.895362 seconds (0d 0h 0m 15s)

---------------  T H R E A D  ---------------

Current thread (0x0000019c1f3f1320):  JavaThread "C2 CompilerThread0" daemon [_thread_in_native, id=16248, stack(0x0000006115c00000,0x0000006115d00000) (1024K)]


Current CompileTask:
C2:  15895 1788 % !   4       java.util.concurrent.ConcurrentHashMap::transfer @ 96 (849 bytes)

Stack: [0x0000006115c00000,0x0000006115d00000]
Native frames: (J=compiled Java code, j=interpreted, Vv=VM code, C=native code)
V  [jvm.dll+0x6d83d9]
V  [jvm.dll+0x8b39f3]
V  [jvm.dll+0x8b5d4e]
V  [jvm.dll+0x8b6433]
V  [jvm.dll+0x285816]
V  [jvm.dll+0xc608d]
V  [jvm.dll+0xc65c3]
V  [jvm.dll+0x3bf09b]
V  [jvm.dll+0x38afb7]
V  [jvm.dll+0x38a42a]
V  [jvm.dll+0x24dcb2]
V  [jvm.dll+0x24d281]
V  [jvm.dll+0x1cbda4]
V  [jvm.dll+0x25c819]
V  [jvm.dll+0x25adcb]
V  [jvm.dll+0x3f9936]
V  [jvm.dll+0x85c768]
V  [jvm.dll+0x6d6bdd]
C  [ucrtbase.dll+0x37b0]
C  [KERNEL32.DLL+0x2e957]
C  [ntdll.dll+0x427c]


---------------  P R O C E S S  ---------------

Threads class SMR info:
_java_thread_list=0x0000019c655e3270, length=14, elements={
0x0000019c00fbde00, 0x0000019c1f3d63f0, 0x0000019c1f3d7b70, 0x0000019c1f3d9d70,
0x0000019c1f3dc7e0, 0x0000019c1f3dfc10, 0x0000019c1f3ede00, 0x0000019c1f3f1320,
0x0000019c1f3f2a60, 0x0000019c1f689f60, 0x0000019c1f69a380, 0x0000019c65a8a1c0,
0x0000019c65a39600, 0x0000019c6539d3c0
}

Java Threads: ( => current thread )
  0x0000019c00fbde00 JavaThread "main"                              [_thread_blocked, id=20900, stack(0x0000006114e00000,0x0000006114f00000) (1024K)]
  0x0000019c1f3d63f0 JavaThread "Reference Handler"          daemon [_thread_blocked, id=8260, stack(0x0000006115600000,0x0000006115700000) (1024K)]
  0x0000019c1f3d7b70 JavaThread "Finalizer"                  daemon [_thread_blocked, id=25112, stack(0x0000006115700000,0x0000006115800000) (1024K)]
  0x0000019c1f3d9d70 JavaThread "Signal Dispatcher"          daemon [_thread_blocked, id=15240, stack(0x0000006115800000,0x0000006115900000) (1024K)]
  0x0000019c1f3dc7e0 JavaThread "Attach Listener"            daemon [_thread_blocked, id=23708, stack(0x0000006115900000,0x0000006115a00000) (1024K)]
  0x0000019c1f3dfc10 JavaThread "Service Thread"             daemon [_thread_blocked, id=6788, stack(0x0000006115a00000,0x0000006115b00000) (1024K)]
  0x0000019c1f3ede00 JavaThread "Monitor Deflation Thread"   daemon [_thread_blocked, id=7200, stack(0x0000006115b00000,0x0000006115c00000) (1024K)]
=>0x0000019c1f3f1320 JavaThread "C2 CompilerThread0"         daemon [_thread_in_native, id=16248, stack(0x0000006115c00000,0x0000006115d00000) (1024K)]
  0x0000019c1f3f2a60 JavaThread "C1 CompilerThread0"         daemon [_thread_blocked, id=26956, stack(0x0000006115d00000,0x0000006115e00000) (1024K)]
  0x0000019c1f689f60 JavaThread "Notification Thread"        daemon [_thread_blocked, id=14196, stack(0x0000006115e00000,0x0000006115f00000) (1024K)]
  0x0000019c1f69a380 JavaThread "Common-Cleaner"             daemon [_thread_blocked, id=18476, stack(0x0000006115f00000,0x0000006116000000) (1024K)]
  0x0000019c65a8a1c0 JavaThread "Thread-0"                          [_thread_blocked, id=10360, stack(0x0000006116000000,0x0000006116100000) (1024K)]
  0x0000019c65a39600 JavaThread "restartedMain"                     [_thread_in_vm, id=31404, stack(0x0000006116100000,0x0000006116200000) (1024K)]
  0x0000019c6539d3c0 JavaThread "background-preinit"                [_thread_in_vm, id=30780, stack(0x0000006116700000,0x0000006116800000) (1024K)]
Total: 14

Other Threads:
  0x0000019c00f95fc0 VMThread "VM Thread"                           [id=5896, stack(0x0000006115500000,0x0000006115600000) (1024K)]
  0x0000019c1f398e90 WatcherThread "VM Periodic Task Thread"        [id=24360, stack(0x0000006115400000,0x0000006115500000) (1024K)]
  0x0000019c00f96aa0 WorkerThread "GC Thread#0"                     [id=29728, stack(0x0000006114f00000,0x0000006115000000) (1024K)]
  0x0000019c00f96360 WorkerThread "GC Thread#1"                     [id=22628, stack(0x0000006116200000,0x0000006116300000) (1024K)]
  0x0000019c00f96700 WorkerThread "GC Thread#2"                     [id=27496, stack(0x0000006116300000,0x0000006116400000) (1024K)]
  0x0000019c00f96e40 WorkerThread "GC Thread#3"                     [id=31072, stack(0x0000006116400000,0x0000006116500000) (1024K)]
  0x0000019c65ac67f0 WorkerThread "GC Thread#4"                     [id=23476, stack(0x0000006116500000,0x0000006116600000) (1024K)]
  0x0000019c65ac8c30 WorkerThread "GC Thread#5"                     [id=23420, stack(0x0000006116600000,0x0000006116700000) (1024K)]
  0x0000019c014ce450 ConcurrentGCThread "G1 Main Marker"            [id=6836, stack(0x0000006115000000,0x0000006115100000) (1024K)]
  0x0000019c00f97580 WorkerThread "G1 Conc#0"                       [id=26876, stack(0x0000006115100000,0x0000006115200000) (1024K)]
  0x0000019c0152e430 ConcurrentGCThread "G1 Refine#0"               [id=25880, stack(0x0000006115200000,0x0000006115300000) (1024K)]
  0x0000019c1f26c120 ConcurrentGCThread "G1 Service"                [id=9004, stack(0x0000006115300000,0x0000006115400000) (1024K)]
Total: 12

Threads with active compile tasks:
C2 CompilerThread0    15965 1788 % !   4       java.util.concurrent.ConcurrentHashMap::transfer @ 96 (849 bytes)
C1 CompilerThread0    15965 1822       3       java.lang.invoke.BoundMethodHandle$Species_L::<init> (12 bytes)
Total: 2

VM state: not at safepoint (normal execution)

VM Mutex/Monitor currently owned by a thread: None

Heap address: 0x00000000a1c00000, size: 1508 MB, Compressed Oops mode: 32-bit

CDS archive(s) mapped at: [0x0000019c20000000-0x0000019c20c90000-0x0000019c20c90000), size 13172736, SharedBaseAddress: 0x0000019c20000000, ArchiveRelocationMode: 1.
Compressed class space mapped at: 0x0000019c21000000-0x0000019c61000000, reserved size: 1073741824
Narrow klass base: 0x0000019c20000000, Narrow klass shift: 0, Narrow klass range: 0x100000000

GC Precious Log:
 CardTable entry size: 512
 Card Set container configuration: InlinePtr #cards 5 size 8 Array Of Cards #cards 12 size 40 Howl #buckets 4 coarsen threshold 1843 Howl Bitmap #cards 512 size 80 coarsen threshold 460 Card regions per heap region 1 cards per card region 2048
 CPUs: 8 total, 8 available
 Memory: 6030M
 Large Page Support: Disabled
 NUMA Support: Disabled
 Compressed Oops: Enabled (32-bit)
 Heap Region Size: 1M
 Heap Min Capacity: 8M
 Heap Initial Capacity: 96M
 Heap Max Capacity: 1508M
 Pre-touch: Disabled
 Parallel Workers: 8
 Concurrent Workers: 2
 Concurrent Refinement Workers: 8
 Periodic GC: Disabled

Heap:
 garbage-first heap   total 98304K, used 28538K [0x00000000a1c00000, 0x0000000100000000)
  region size 1024K, 26 young (26624K), 3 survivors (3072K)
 Metaspace       used 11749K, committed 12096K, reserved 1114112K
  class space    used 1470K, committed 1600K, reserved 1048576K

Heap Regions: E=young(eden), S=young(survivor), O=old, HS=humongous(starts), HC=humongous(continues), CS=collection set, F=free, TAMS=top-at-mark-start, PB=parsable bottom
|   0|0x00000000a1c00000, 0x00000000a1d00000, 0x00000000a1d00000|100%|HS|  |TAMS 0x00000000a1c00000| PB 0x00000000a1c00000| Complete 
|   1|0x00000000a1d00000, 0x00000000a1e00000, 0x00000000a1e00000|100%| O|  |TAMS 0x00000000a1d00000| PB 0x00000000a1d00000| Untracked 
|   2|0x00000000a1e00000, 0x00000000a1f00000, 0x00000000a1f00000|100%| O|  |TAMS 0x00000000a1e00000| PB 0x00000000a1e00000| Untracked 
|   3|0x00000000a1f00000, 0x00000000a1fdeaf8, 0x00000000a2000000| 86%| O|  |TAMS 0x00000000a1f00000| PB 0x00000000a1f00000| Untracked 
|   4|0x00000000a2000000, 0x00000000a2000000, 0x00000000a2100000|  0%| F|  |TAMS 0x00000000a2000000| PB 0x00000000a2000000| Untracked 
|   5|0x00000000a2100000, 0x00000000a2100000, 0x00000000a2200000|  0%| F|  |TAMS 0x00000000a2100000| PB 0x00000000a2100000| Untracked 
|   6|0x00000000a2200000, 0x00000000a2200000, 0x00000000a2300000|  0%| F|  |TAMS 0x00000000a2200000| PB 0x00000000a2200000| Untracked 
|   7|0x00000000a2300000, 0x00000000a2300000, 0x00000000a2400000|  0%| F|  |TAMS 0x00000000a2300000| PB 0x00000000a2300000| Untracked 
|   8|0x00000000a2400000, 0x00000000a2400000, 0x00000000a2500000|  0%| F|  |TAMS 0x00000000a2400000| PB 0x00000000a2400000| Untracked 
|   9|0x00000000a2500000, 0x00000000a2500000, 0x00000000a2600000|  0%| F|  |TAMS 0x00000000a2500000| PB 0x00000000a2500000| Untracked 
|  10|0x00000000a2600000, 0x00000000a2600000, 0x00000000a2700000|  0%| F|  |TAMS 0x00000000a2600000| PB 0x00000000a2600000| Untracked 
|  11|0x00000000a2700000, 0x00000000a2700000, 0x00000000a2800000|  0%| F|  |TAMS 0x00000000a2700000| PB 0x00000000a2700000| Untracked 
|  12|0x00000000a2800000, 0x00000000a2800000, 0x00000000a2900000|  0%| F|  |TAMS 0x00000000a2800000| PB 0x00000000a2800000| Untracked 
|  13|0x00000000a2900000, 0x00000000a2900000, 0x00000000a2a00000|  0%| F|  |TAMS 0x00000000a2900000| PB 0x00000000a2900000| Untracked 
|  14|0x00000000a2a00000, 0x00000000a2a00000, 0x00000000a2b00000|  0%| F|  |TAMS 0x00000000a2a00000| PB 0x00000000a2a00000| Untracked 
|  15|0x00000000a2b00000, 0x00000000a2b00000, 0x00000000a2c00000|  0%| F|  |TAMS 0x00000000a2b00000| PB 0x00000000a2b00000| Untracked 
|  16|0x00000000a2c00000, 0x00000000a2c00000, 0x00000000a2d00000|  0%| F|  |TAMS 0x00000000a2c00000| PB 0x00000000a2c00000| Untracked 
|  17|0x00000000a2d00000, 0x00000000a2d00000, 0x00000000a2e00000|  0%| F|  |TAMS 0x00000000a2d00000| PB 0x00000000a2d00000| Untracked 
|  18|0x00000000a2e00000, 0x00000000a2e00000, 0x00000000a2f00000|  0%| F|  |TAMS 0x00000000a2e00000| PB 0x00000000a2e00000| Untracked 
|  19|0x00000000a2f00000, 0x00000000a2f00000, 0x00000000a3000000|  0%| F|  |TAMS 0x00000000a2f00000| PB 0x00000000a2f00000| Untracked 
|  20|0x00000000a3000000, 0x00000000a3000000, 0x00000000a3100000|  0%| F|  |TAMS 0x00000000a3000000| PB 0x00000000a3000000| Untracked 
|  21|0x00000000a3100000, 0x00000000a3100000, 0x00000000a3200000|  0%| F|  |TAMS 0x00000000a3100000| PB 0x00000000a3100000| Untracked 
|  22|0x00000000a3200000, 0x00000000a3200000, 0x00000000a3300000|  0%| F|  |TAMS 0x00000000a3200000| PB 0x00000000a3200000| Untracked 
|  23|0x00000000a3300000, 0x00000000a3300000, 0x00000000a3400000|  0%| F|  |TAMS 0x00000000a3300000| PB 0x00000000a3300000| Untracked 
|  24|0x00000000a3400000, 0x00000000a3400000, 0x00000000a3500000|  0%| F|  |TAMS 0x00000000a3400000| PB 0x00000000a3400000| Untracked 
|  25|0x00000000a3500000, 0x00000000a3500000, 0x00000000a3600000|  0%| F|  |TAMS 0x00000000a3500000| PB 0x00000000a3500000| Untracked 
|  26|0x00000000a3600000, 0x00000000a3600000, 0x00000000a3700000|  0%| F|  |TAMS 0x00000000a3600000| PB 0x00000000a3600000| Untracked 
|  27|0x00000000a3700000, 0x00000000a3700000, 0x00000000a3800000|  0%| F|  |TAMS 0x00000000a3700000| PB 0x00000000a3700000| Untracked 
|  28|0x00000000a3800000, 0x00000000a3800000, 0x00000000a3900000|  0%| F|  |TAMS 0x00000000a3800000| PB 0x00000000a3800000| Untracked 
|  29|0x00000000a3900000, 0x00000000a3900000, 0x00000000a3a00000|  0%| F|  |TAMS 0x00000000a3900000| PB 0x00000000a3900000| Untracked 
|  30|0x00000000a3a00000, 0x00000000a3a00000, 0x00000000a3b00000|  0%| F|  |TAMS 0x00000000a3a00000| PB 0x00000000a3a00000| Untracked 
|  31|0x00000000a3b00000, 0x00000000a3b00000, 0x00000000a3c00000|  0%| F|  |TAMS 0x00000000a3b00000| PB 0x00000000a3b00000| Untracked 
|  32|0x00000000a3c00000, 0x00000000a3c00000, 0x00000000a3d00000|  0%| F|  |TAMS 0x00000000a3c00000| PB 0x00000000a3c00000| Untracked 
|  33|0x00000000a3d00000, 0x00000000a3d00000, 0x00000000a3e00000|  0%| F|  |TAMS 0x00000000a3d00000| PB 0x00000000a3d00000| Untracked 
|  34|0x00000000a3e00000, 0x00000000a3e00000, 0x00000000a3f00000|  0%| F|  |TAMS 0x00000000a3e00000| PB 0x00000000a3e00000| Untracked 
|  35|0x00000000a3f00000, 0x00000000a3f00000, 0x00000000a4000000|  0%| F|  |TAMS 0x00000000a3f00000| PB 0x00000000a3f00000| Untracked 
|  36|0x00000000a4000000, 0x00000000a4000000, 0x00000000a4100000|  0%| F|  |TAMS 0x00000000a4000000| PB 0x00000000a4000000| Untracked 
|  37|0x00000000a4100000, 0x00000000a4100000, 0x00000000a4200000|  0%| F|  |TAMS 0x00000000a4100000| PB 0x00000000a4100000| Untracked 
|  38|0x00000000a4200000, 0x00000000a4200000, 0x00000000a4300000|  0%| F|  |TAMS 0x00000000a4200000| PB 0x00000000a4200000| Untracked 
|  39|0x00000000a4300000, 0x00000000a4300000, 0x00000000a4400000|  0%| F|  |TAMS 0x00000000a4300000| PB 0x00000000a4300000| Untracked 
|  40|0x00000000a4400000, 0x00000000a4400000, 0x00000000a4500000|  0%| F|  |TAMS 0x00000000a4400000| PB 0x00000000a4400000| Untracked 
|  41|0x00000000a4500000, 0x00000000a4500000, 0x00000000a4600000|  0%| F|  |TAMS 0x00000000a4500000| PB 0x00000000a4500000| Untracked 
|  42|0x00000000a4600000, 0x00000000a4600000, 0x00000000a4700000|  0%| F|  |TAMS 0x00000000a4600000| PB 0x00000000a4600000| Untracked 
|  43|0x00000000a4700000, 0x00000000a4700000, 0x00000000a4800000|  0%| F|  |TAMS 0x00000000a4700000| PB 0x00000000a4700000| Untracked 
|  44|0x00000000a4800000, 0x00000000a4800000, 0x00000000a4900000|  0%| F|  |TAMS 0x00000000a4800000| PB 0x00000000a4800000| Untracked 
|  45|0x00000000a4900000, 0x00000000a4900000, 0x00000000a4a00000|  0%| F|  |TAMS 0x00000000a4900000| PB 0x00000000a4900000| Untracked 
|  46|0x00000000a4a00000, 0x00000000a4a00000, 0x00000000a4b00000|  0%| F|  |TAMS 0x00000000a4a00000| PB 0x00000000a4a00000| Untracked 
|  47|0x00000000a4b00000, 0x00000000a4b00000, 0x00000000a4c00000|  0%| F|  |TAMS 0x00000000a4b00000| PB 0x00000000a4b00000| Untracked 
|  48|0x00000000a4c00000, 0x00000000a4c00000, 0x00000000a4d00000|  0%| F|  |TAMS 0x00000000a4c00000| PB 0x00000000a4c00000| Untracked 
|  49|0x00000000a4d00000, 0x00000000a4d00000, 0x00000000a4e00000|  0%| F|  |TAMS 0x00000000a4d00000| PB 0x00000000a4d00000| Untracked 
|  50|0x00000000a4e00000, 0x00000000a4e00000, 0x00000000a4f00000|  0%| F|  |TAMS 0x00000000a4e00000| PB 0x00000000a4e00000| Untracked 
|  51|0x00000000a4f00000, 0x00000000a4f00000, 0x00000000a5000000|  0%| F|  |TAMS 0x00000000a4f00000| PB 0x00000000a4f00000| Untracked 
|  52|0x00000000a5000000, 0x00000000a5000000, 0x00000000a5100000|  0%| F|  |TAMS 0x00000000a5000000| PB 0x00000000a5000000| Untracked 
|  53|0x00000000a5100000, 0x00000000a5100000, 0x00000000a5200000|  0%| F|  |TAMS 0x00000000a5100000| PB 0x00000000a5100000| Untracked 
|  54|0x00000000a5200000, 0x00000000a5200000, 0x00000000a5300000|  0%| F|  |TAMS 0x00000000a5200000| PB 0x00000000a5200000| Untracked 
|  55|0x00000000a5300000, 0x00000000a5300000, 0x00000000a5400000|  0%| F|  |TAMS 0x00000000a5300000| PB 0x00000000a5300000| Untracked 
|  56|0x00000000a5400000, 0x00000000a5400000, 0x00000000a5500000|  0%| F|  |TAMS 0x00000000a5400000| PB 0x00000000a5400000| Untracked 
|  57|0x00000000a5500000, 0x00000000a5500000, 0x00000000a5600000|  0%| F|  |TAMS 0x00000000a5500000| PB 0x00000000a5500000| Untracked 
|  58|0x00000000a5600000, 0x00000000a5600000, 0x00000000a5700000|  0%| F|  |TAMS 0x00000000a5600000| PB 0x00000000a5600000| Untracked 
|  59|0x00000000a5700000, 0x00000000a5700000, 0x00000000a5800000|  0%| F|  |TAMS 0x00000000a5700000| PB 0x00000000a5700000| Untracked 
|  60|0x00000000a5800000, 0x00000000a5800000, 0x00000000a5900000|  0%| F|  |TAMS 0x00000000a5800000| PB 0x00000000a5800000| Untracked 
|  61|0x00000000a5900000, 0x00000000a5900000, 0x00000000a5a00000|  0%| F|  |TAMS 0x00000000a5900000| PB 0x00000000a5900000| Untracked 
|  62|0x00000000a5a00000, 0x00000000a5a00000, 0x00000000a5b00000|  0%| F|  |TAMS 0x00000000a5a00000| PB 0x00000000a5a00000| Untracked 
|  63|0x00000000a5b00000, 0x00000000a5b00000, 0x00000000a5c00000|  0%| F|  |TAMS 0x00000000a5b00000| PB 0x00000000a5b00000| Untracked 
|  64|0x00000000a5c00000, 0x00000000a5c00000, 0x00000000a5d00000|  0%| F|  |TAMS 0x00000000a5c00000| PB 0x00000000a5c00000| Untracked 
|  65|0x00000000a5d00000, 0x00000000a5d00000, 0x00000000a5e00000|  0%| F|  |TAMS 0x00000000a5d00000| PB 0x00000000a5d00000| Untracked 
|  66|0x00000000a5e00000, 0x00000000a5e00000, 0x00000000a5f00000|  0%| F|  |TAMS 0x00000000a5e00000| PB 0x00000000a5e00000| Untracked 
|  67|0x00000000a5f00000, 0x00000000a5f00000, 0x00000000a6000000|  0%| F|  |TAMS 0x00000000a5f00000| PB 0x00000000a5f00000| Untracked 
|  68|0x00000000a6000000, 0x00000000a6000000, 0x00000000a6100000|  0%| F|  |TAMS 0x00000000a6000000| PB 0x00000000a6000000| Untracked 
|  69|0x00000000a6100000, 0x00000000a6100000, 0x00000000a6200000|  0%| F|  |TAMS 0x00000000a6100000| PB 0x00000000a6100000| Untracked 
|  70|0x00000000a6200000, 0x00000000a6300000, 0x00000000a6300000|100%| S|CS|TAMS 0x00000000a6200000| PB 0x00000000a6200000| Complete 
|  71|0x00000000a6300000, 0x00000000a6400000, 0x00000000a6400000|100%| S|CS|TAMS 0x00000000a6300000| PB 0x00000000a6300000| Complete 
|  72|0x00000000a6400000, 0x00000000a6500000, 0x00000000a6500000|100%| S|CS|TAMS 0x00000000a6400000| PB 0x00000000a6400000| Complete 
|  73|0x00000000a6500000, 0x00000000a6565e90, 0x00000000a6600000| 39%| E|  |TAMS 0x00000000a6500000| PB 0x00000000a6500000| Complete 
|  74|0x00000000a6600000, 0x00000000a6700000, 0x00000000a6700000|100%| E|  |TAMS 0x00000000a6600000| PB 0x00000000a6600000| Complete 
|  75|0x00000000a6700000, 0x00000000a6800000, 0x00000000a6800000|100%| E|CS|TAMS 0x00000000a6700000| PB 0x00000000a6700000| Complete 
|  76|0x00000000a6800000, 0x00000000a6900000, 0x00000000a6900000|100%| E|CS|TAMS 0x00000000a6800000| PB 0x00000000a6800000| Complete 
|  77|0x00000000a6900000, 0x00000000a6a00000, 0x00000000a6a00000|100%| E|CS|TAMS 0x00000000a6900000| PB 0x00000000a6900000| Complete 
|  78|0x00000000a6a00000, 0x00000000a6b00000, 0x00000000a6b00000|100%| E|CS|TAMS 0x00000000a6a00000| PB 0x00000000a6a00000| Complete 
|  79|0x00000000a6b00000, 0x00000000a6c00000, 0x00000000a6c00000|100%| E|CS|TAMS 0x00000000a6b00000| PB 0x00000000a6b00000| Complete 
|  80|0x00000000a6c00000, 0x00000000a6d00000, 0x00000000a6d00000|100%| E|CS|TAMS 0x00000000a6c00000| PB 0x00000000a6c00000| Complete 
|  81|0x00000000a6d00000, 0x00000000a6e00000, 0x00000000a6e00000|100%| E|CS|TAMS 0x00000000a6d00000| PB 0x00000000a6d00000| Complete 
|  82|0x00000000a6e00000, 0x00000000a6f00000, 0x00000000a6f00000|100%| E|CS|TAMS 0x00000000a6e00000| PB 0x00000000a6e00000| Complete 
|  83|0x00000000a6f00000, 0x00000000a7000000, 0x00000000a7000000|100%| E|CS|TAMS 0x00000000a6f00000| PB 0x00000000a6f00000| Complete 
|  84|0x00000000a7000000, 0x00000000a7100000, 0x00000000a7100000|100%| E|CS|TAMS 0x00000000a7000000| PB 0x00000000a7000000| Complete 
|  85|0x00000000a7100000, 0x00000000a7200000, 0x00000000a7200000|100%| E|CS|TAMS 0x00000000a7100000| PB 0x00000000a7100000| Complete 
|  86|0x00000000a7200000, 0x00000000a7300000, 0x00000000a7300000|100%| E|CS|TAMS 0x00000000a7200000| PB 0x00000000a7200000| Complete 
|  87|0x00000000a7300000, 0x00000000a7400000, 0x00000000a7400000|100%| E|CS|TAMS 0x00000000a7300000| PB 0x00000000a7300000| Complete 
|  88|0x00000000a7400000, 0x00000000a7500000, 0x00000000a7500000|100%| E|CS|TAMS 0x00000000a7400000| PB 0x00000000a7400000| Complete 
|  89|0x00000000a7500000, 0x00000000a7600000, 0x00000000a7600000|100%| E|CS|TAMS 0x00000000a7500000| PB 0x00000000a7500000| Complete 
|  90|0x00000000a7600000, 0x00000000a7700000, 0x00000000a7700000|100%| E|CS|TAMS 0x00000000a7600000| PB 0x00000000a7600000| Complete 
|  91|0x00000000a7700000, 0x00000000a7800000, 0x00000000a7800000|100%| E|CS|TAMS 0x00000000a7700000| PB 0x00000000a7700000| Complete 
|  92|0x00000000a7800000, 0x00000000a7900000, 0x00000000a7900000|100%| E|CS|TAMS 0x00000000a7800000| PB 0x00000000a7800000| Complete 
|  93|0x00000000a7900000, 0x00000000a7a00000, 0x00000000a7a00000|100%| E|CS|TAMS 0x00000000a7900000| PB 0x00000000a7900000| Complete 
|  94|0x00000000a7a00000, 0x00000000a7b00000, 0x00000000a7b00000|100%| E|CS|TAMS 0x00000000a7a00000| PB 0x00000000a7a00000| Complete 
|  95|0x00000000a7b00000, 0x00000000a7c00000, 0x00000000a7c00000|100%| E|CS|TAMS 0x00000000a7b00000| PB 0x00000000a7b00000| Complete 

Card table byte_map: [0x0000019c1aec0000,0x0000019c1b1c0000] _byte_map_base: 0x0000019c1a9b2000

Marking Bits: (CMBitMap*) 0x0000019c014c08d0
 Bits: [0x0000019c1b1c0000, 0x0000019c1c950000)

Polling page: 0x0000019c01530000

Metaspace:

Usage:
  Non-class:     10.09 MB used.
      Class:      1.45 MB used.
       Both:     11.54 MB used.

Virtual space:
  Non-class space:       64.00 MB reserved,      10.31 MB ( 16%) committed,  1 nodes.
      Class space:        1.00 GB reserved,       1.56 MB ( <1%) committed,  1 nodes.
             Both:        1.06 GB reserved,      11.88 MB (  1%) committed. 

Chunk freelists:
   Non-Class:  5.33 MB
       Class:  14.44 MB
        Both:  19.77 MB

MaxMetaspaceSize: unlimited
CompressedClassSpaceSize: 1.00 GB
Initial GC threshold: 21.00 MB
Current GC threshold: 21.00 MB
CDS: on
 - commit_granule_bytes: 65536.
 - commit_granule_words: 8192.
 - virtual_space_node_default_size: 8388608.
 - enlarge_chunks_in_place: 1.
 - use_allocation_guard: 0.


Internal statistics:

num_allocs_failed_limit: 0.
num_arena_births: 390.
num_arena_deaths: 0.
num_vsnodes_births: 2.
num_vsnodes_deaths: 0.
num_space_committed: 190.
num_space_uncommitted: 0.
num_chunks_returned_to_freelist: 0.
num_chunks_taken_from_freelist: 836.
num_chunk_merges: 0.
num_chunk_splits: 500.
num_chunks_enlarged: 301.
num_inconsistent_stats: 0.

CodeHeap 'non-profiled nmethods': size=120000Kb used=611Kb max_used=611Kb free=119388Kb
 bounds [0x0000019c12c30000, 0x0000019c12ea0000, 0x0000019c1a160000]
CodeHeap 'profiled nmethods': size=120000Kb used=3298Kb max_used=3298Kb free=116701Kb
 bounds [0x0000019c0b160000, 0x0000019c0b4a0000, 0x0000019c12690000]
CodeHeap 'non-nmethods': size=5760Kb used=1393Kb max_used=1406Kb free=4366Kb
 bounds [0x0000019c12690000, 0x0000019c12900000, 0x0000019c12c30000]
 total_blobs=2307 nmethods=1819 adapters=392
 compilation: enabled
              stopped_count=0, restarted_count=0
 full_count=0

Compilation events (20 events):
Event: 13.831 Thread 0x0000019c1f3f1320 nmethod 1786 0x0000019c12cc7490 code [0x0000019c12cc76a0, 0x0000019c12cc7f98]
Event: 13.831 Thread 0x0000019c1f3f2a60 1803       3       java.time.Instant::<init> (15 bytes)
Event: 13.832 Thread 0x0000019c1f3f2a60 nmethod 1803 0x0000019c0b48ff90 code [0x0000019c0b490120, 0x0000019c0b490290]
Event: 13.832 Thread 0x0000019c1f3f2a60 1804       3       java.time.Instant::ofEpochSecond (31 bytes)
Event: 13.833 Thread 0x0000019c1f3f2a60 nmethod 1804 0x0000019c0b490390 code [0x0000019c0b490560, 0x0000019c0b490750]
Event: 13.834 Thread 0x0000019c1f3f2a60 1805       3       java.lang.invoke.MethodHandle::bindTo (19 bytes)
Event: 13.835 Thread 0x0000019c1f3f2a60 nmethod 1805 0x0000019c0b490890 code [0x0000019c0b490aa0, 0x0000019c0b4910d0]
Event: 13.835 Thread 0x0000019c1f3f1320 1795       4       jdk.internal.org.objectweb.asm.ByteVector::put12 (64 bytes)
Event: 13.836 Thread 0x0000019c1f3f2a60 1807       3       java.lang.Class::getReflectionFactory (28 bytes)
Event: 13.837 Thread 0x0000019c1f3f2a60 nmethod 1807 0x0000019c0b491310 code [0x0000019c0b491540, 0x0000019c0b491bf8]
Event: 13.838 Thread 0x0000019c1f3f2a60 1806       3       java.lang.invoke.MethodType::leadingReferenceParameter (30 bytes)
Event: 13.839 Thread 0x0000019c1f3f2a60 nmethod 1806 0x0000019c0b491e90 code [0x0000019c0b492060, 0x0000019c0b492350]
Event: 13.840 Thread 0x0000019c1f3f2a60 1808       3       java.util.stream.SpinedBuffer::ensureCapacity (138 bytes)
Event: 13.841 Thread 0x0000019c1f3f1320 nmethod 1795 0x0000019c12cc8590 code [0x0000019c12cc8720, 0x0000019c12cc8910]
Event: 13.842 Thread 0x0000019c1f3f2a60 nmethod 1808 0x0000019c0b492490 code [0x0000019c0b4926e0, 0x0000019c0b493600]
Event: 13.843 Thread 0x0000019c1f3f1320 1788 % !   4       java.util.concurrent.ConcurrentHashMap::transfer @ 96 (849 bytes)
Event: 13.847 Thread 0x0000019c1f3f2a60 1809       3       java.lang.invoke.MethodHandles$Lookup::checkMethod (87 bytes)
Event: 13.848 Thread 0x0000019c1f3f2a60 nmethod 1809 0x0000019c0b493a90 code [0x0000019c0b493ca0, 0x0000019c0b494328]
Event: 13.848 Thread 0x0000019c1f3f2a60 1810       3       java.lang.invoke.MethodHandles$Lookup::maybeBindCaller (72 bytes)
Event: 13.849 Thread 0x0000019c1f3f2a60 nmethod 1810 0x0000019c0b494510 code [0x0000019c0b494740, 0x0000019c0b494ee8]

GC Heap History (2 events):
Event: 5.322 GC heap before
{Heap before GC invocations=0 (full 0):
 garbage-first heap   total 98304K, used 23552K [0x00000000a1c00000, 0x0000000100000000)
  region size 1024K, 23 young (23552K), 0 survivors (0K)
 Metaspace       used 5197K, committed 5440K, reserved 1114112K
  class space    used 602K, committed 704K, reserved 1048576K
}
Event: 5.337 GC heap after
{Heap after GC invocations=1 (full 0):
 garbage-first heap   total 98304K, used 7034K [0x00000000a1c00000, 0x0000000100000000)
  region size 1024K, 3 young (3072K), 3 survivors (3072K)
 Metaspace       used 5197K, committed 5440K, reserved 1114112K
  class space    used 602K, committed 704K, reserved 1048576K
}

Dll operation events (8 events):
Event: 0.093 Loaded shared library C:\Program Files\Amazon Corretto\jdk21.0.4_7\bin\java.dll
Event: 0.289 Loaded shared library C:\Program Files\Amazon Corretto\jdk21.0.4_7\bin\jsvml.dll
Event: 0.548 Loaded shared library C:\Program Files\Amazon Corretto\jdk21.0.4_7\bin\net.dll
Event: 0.557 Loaded shared library C:\Program Files\Amazon Corretto\jdk21.0.4_7\bin\nio.dll
Event: 0.567 Loaded shared library C:\Program Files\Amazon Corretto\jdk21.0.4_7\bin\zip.dll
Event: 1.151 Loaded shared library C:\Program Files\Amazon Corretto\jdk21.0.4_7\bin\jimage.dll
Event: 5.132 Loaded shared library C:\Program Files\Amazon Corretto\jdk21.0.4_7\bin\management.dll
Event: 5.152 Loaded shared library C:\Program Files\Amazon Corretto\jdk21.0.4_7\bin\management_ext.dll

Deoptimization events (20 events):
Event: 6.008 Thread 0x0000019c65a39600 DEOPT PACKING pc=0x0000019c12c896ec sp=0x00000061161fdde0
Event: 6.008 Thread 0x0000019c65a39600 DEOPT UNPACKING pc=0x0000019c126e46a2 sp=0x00000061161fdcf0 mode 2
Event: 6.287 Thread 0x0000019c65a39600 Uncommon trap: trap_request=0xffffff6e fr.pc=0x0000019c12c72af0 relative=0x0000000000000430
Event: 6.287 Thread 0x0000019c65a39600 Uncommon trap: reason=loop_limit_check action=maybe_recompile pc=0x0000019c12c72af0 method=java.lang.StringLatin1.indexOf([BI[BII)I @ 37 c2
Event: 6.287 Thread 0x0000019c65a39600 DEOPT PACKING pc=0x0000019c12c72af0 sp=0x00000061161fd9b0
Event: 6.287 Thread 0x0000019c65a39600 DEOPT UNPACKING pc=0x0000019c126e46a2 sp=0x00000061161fd910 mode 2
Event: 11.774 Thread 0x0000019c65a39600 Uncommon trap: trap_request=0xffffffc6 fr.pc=0x0000019c12cb6c2c relative=0x000000000000032c
Event: 11.774 Thread 0x0000019c65a39600 Uncommon trap: reason=bimorphic_or_optimized_type_check action=maybe_recompile pc=0x0000019c12cb6c2c method=java.util.HashMap.getNode(Ljava/lang/Object;)Ljava/util/HashMap$Node; @ 63 c2
Event: 11.774 Thread 0x0000019c65a39600 DEOPT PACKING pc=0x0000019c12cb6c2c sp=0x00000061161fe180
Event: 11.774 Thread 0x0000019c65a39600 DEOPT UNPACKING pc=0x0000019c126e46a2 sp=0x00000061161fe0e8 mode 2
Event: 11.774 Thread 0x0000019c65a39600 Uncommon trap: trap_request=0xffffffc6 fr.pc=0x0000019c12cb6c2c relative=0x000000000000032c
Event: 11.774 Thread 0x0000019c65a39600 Uncommon trap: reason=bimorphic_or_optimized_type_check action=maybe_recompile pc=0x0000019c12cb6c2c method=java.util.HashMap.getNode(Ljava/lang/Object;)Ljava/util/HashMap$Node; @ 63 c2
Event: 11.775 Thread 0x0000019c65a39600 DEOPT PACKING pc=0x0000019c12cb6c2c sp=0x00000061161fe180
Event: 11.775 Thread 0x0000019c65a39600 DEOPT UNPACKING pc=0x0000019c126e46a2 sp=0x00000061161fe0e8 mode 2
Event: 12.037 Thread 0x0000019c65a39600 Uncommon trap: trap_request=0xffffffc6 fr.pc=0x0000019c12cb6c2c relative=0x000000000000032c
Event: 12.037 Thread 0x0000019c65a39600 Uncommon trap: reason=bimorphic_or_optimized_type_check action=maybe_recompile pc=0x0000019c12cb6c2c method=java.util.HashMap.getNode(Ljava/lang/Object;)Ljava/util/HashMap$Node; @ 63 c2
Event: 12.037 Thread 0x0000019c65a39600 DEOPT PACKING pc=0x0000019c12cb6c2c sp=0x00000061161fe180
Event: 12.037 Thread 0x0000019c65a39600 DEOPT UNPACKING pc=0x0000019c126e46a2 sp=0x00000061161fe0e8 mode 2
Event: 13.858 Thread 0x0000019c6539d3c0 DEOPT PACKING pc=0x0000019c0b3491bf sp=0x00000061167fa9d0
Event: 13.858 Thread 0x0000019c6539d3c0 DEOPT UNPACKING pc=0x0000019c126e4e42 sp=0x00000061167f9ea8 mode 0

Classes loaded (20 events):
Event: 13.663 Loading class java/util/Stack
Event: 13.664 Loading class java/util/Stack done
Event: 13.664 Loading class java/util/Vector$Itr
Event: 13.665 Loading class java/util/Vector$Itr done
Event: 13.815 Loading class java/beans/Introspector
Event: 13.816 Loading class java/beans/Introspector done
Event: 13.816 Loading class java/beans/EventSetDescriptor
Event: 13.816 Loading class java/beans/FeatureDescriptor
Event: 13.817 Loading class java/beans/FeatureDescriptor done
Event: 13.817 Loading class java/beans/EventSetDescriptor done
Event: 13.817 Loading class java/beans/Introspector$1
Event: 13.817 Loading class jdk/internal/access/JavaBeansAccess
Event: 13.817 Loading class jdk/internal/access/JavaBeansAccess done
Event: 13.817 Loading class java/beans/Introspector$1 done
Event: 13.827 Loading class sun/reflect/generics/scope/MethodScope
Event: 13.827 Loading class sun/reflect/generics/scope/MethodScope done
Event: 13.827 Loading class sun/reflect/generics/repository/MethodRepository
Event: 13.827 Loading class sun/reflect/generics/repository/MethodRepository done
Event: 13.828 Loading class java/util/AbstractList$ListItr
Event: 13.828 Loading class java/util/AbstractList$ListItr done

Classes unloaded (0 events):
No events

Classes redefined (0 events):
No events

Internal exceptions (20 events):
Event: 10.547 Thread 0x0000019c65a39600 Exception <a 'java/lang/NoSuchMethodError'{0x00000000a701ffc0}: 'int java.lang.invoke.DirectMethodHandle$Holder.invokeStaticInit(java.lang.Object, long, long)'> (0x00000000a701ffc0) 
thrown [s\src\hotspot\share\interpreter\linkResolver.cpp, line 773]
Event: 10.548 Thread 0x0000019c65a39600 Exception <a 'java/lang/NoSuchMethodError'{0x00000000a7026ce8}: 'int java.lang.invoke.DirectMethodHandle$Holder.invokeStaticInit(java.lang.Object, float, float)'> (0x00000000a7026ce8) 
thrown [s\src\hotspot\share\interpreter\linkResolver.cpp, line 773]
Event: 10.550 Thread 0x0000019c65a39600 Exception <a 'java/lang/NoSuchMethodError'{0x00000000a702da08}: 'int java.lang.invoke.DirectMethodHandle$Holder.invokeStaticInit(java.lang.Object, double, double)'> (0x00000000a702da08) 
thrown [s\src\hotspot\share\interpreter\linkResolver.cpp, line 773]
Event: 10.550 Thread 0x0000019c65a39600 Exception <a 'java/lang/NoSuchMethodError'{0x00000000a7032210}: 'int java.lang.invoke.DirectMethodHandle$Holder.invokeStatic(java.lang.Object, long)'> (0x00000000a7032210) 
thrown [s\src\hotspot\share\interpreter\linkResolver.cpp, line 773]
Event: 10.665 Thread 0x0000019c65a39600 Exception <a 'java/lang/NoSuchMethodError'{0x00000000a7054bc0}: 'int java.lang.invoke.Invokers$Holder.linkToTargetMethod(java.lang.Object, java.lang.Object)'> (0x00000000a7054bc0) 
thrown [s\src\hotspot\share\interpreter\linkResolver.cpp, line 773]
Event: 11.117 Thread 0x0000019c65a39600 Exception <a 'java/lang/NoSuchMethodError'{0x00000000a70cc538}: 'java.lang.Object java.lang.invoke.DirectMethodHandle$Holder.invokeSpecial(java.lang.Object, java.lang.Object, java.lang.Object, int, java.lang.Object)'> (0x00000000a70cc538) 
thrown [s\src\hotspot\share\interpreter\linkResolver.cpp, line 773]
Event: 11.118 Thread 0x0000019c65a39600 Exception <a 'java/lang/NoSuchMethodError'{0x00000000a70d4198}: 'java.lang.Object java.lang.invoke.DirectMethodHandle$Holder.newInvokeSpecial(java.lang.Object, java.lang.Object, java.lang.Object, int, java.lang.Object)'> (0x00000000a70d4198) 
thrown [s\src\hotspot\share\interpreter\linkResolver.cpp, line 773]
Event: 11.119 Thread 0x0000019c65a39600 Exception <a 'java/lang/NoSuchMethodError'{0x00000000a70d8208}: 'java.lang.Object java.lang.invoke.DirectMethodHandle$Holder.invokeSpecial(java.lang.Object, java.lang.Object, java.lang.Object, java.lang.Object, int, java.lang.Object)'> (0x00000000a70d8208) 
thrown [s\src\hotspot\share\interpreter\linkResolver.cpp, line 773]
Event: 11.119 Thread 0x0000019c65a39600 Exception <a 'java/lang/NoSuchMethodError'{0x00000000a70dba88}: 'java.lang.Object java.lang.invoke.Invokers$Holder.linkToTargetMethod(java.lang.Object, java.lang.Object, int, java.lang.Object, java.lang.Object)'> (0x00000000a70dba88) 
thrown [s\src\hotspot\share\interpreter\linkResolver.cpp, line 773]
Event: 11.121 Thread 0x0000019c65a39600 Exception <a 'java/lang/NoSuchMethodError'{0x00000000a70ea630}: 'java.lang.Object java.lang.invoke.DirectMethodHandle$Holder.newInvokeSpecial(java.lang.Object, int, java.lang.Object)'> (0x00000000a70ea630) 
thrown [s\src\hotspot\share\interpreter\linkResolver.cpp, line 773]
Event: 11.122 Thread 0x0000019c65a39600 Exception <a 'java/lang/NoSuchMethodError'{0x00000000a70eee60}: 'int java.lang.invoke.DirectMethodHandle$Holder.invokeSpecialIFC(java.lang.Object, java.lang.Object, java.lang.Object, java.lang.Object)'> (0x00000000a70eee60) 
thrown [s\src\hotspot\share\interpreter\linkResolver.cpp, line 773]
Event: 11.761 Thread 0x0000019c65a39600 Exception <a 'java/lang/NoSuchMethodError'{0x00000000a6f8f7b8}: 'void java.lang.invoke.DirectMethodHandle$Holder.invokeInterface(java.lang.Object, java.lang.Object, java.lang.Object)'> (0x00000000a6f8f7b8) 
thrown [s\src\hotspot\share\interpreter\linkResolver.cpp, line 773]
Event: 12.176 Thread 0x0000019c65a39600 Exception <a 'java/lang/NoSuchMethodError'{0x00000000a6e1c988}: 'void java.lang.invoke.DirectMethodHandle$Holder.invokeStaticInit(java.lang.Object, java.lang.Object, java.lang.Object)'> (0x00000000a6e1c988) 
thrown [s\src\hotspot\share\interpreter\linkResolver.cpp, line 773]
Event: 12.189 Thread 0x0000019c65a39600 Exception <a 'java/lang/NoSuchMethodError'{0x00000000a6e65aa0}: 'java.lang.Object java.lang.invoke.DirectMethodHandle$Holder.invokeVirtual(java.lang.Object, java.lang.Object, java.lang.Object)'> (0x00000000a6e65aa0) 
thrown [s\src\hotspot\share\interpreter\linkResolver.cpp, line 773]
Event: 12.591 Thread 0x0000019c65a39600 Exception <a 'java/lang/NoSuchMethodError'{0x00000000a6e87be8}: 'java.lang.Object java.lang.invoke.DirectMethodHandle$Holder.invokeStaticInit(java.lang.Object, int)'> (0x00000000a6e87be8) 
thrown [s\src\hotspot\share\interpreter\linkResolver.cpp, line 773]
Event: 13.155 Thread 0x0000019c65a39600 Exception <a 'java/lang/NoSuchMethodError'{0x00000000a6e91f38}: 'java.lang.Object java.lang.invoke.DirectMethodHandle$Holder.invokeStaticInit(java.lang.Object, int, java.lang.Object)'> (0x00000000a6e91f38) 
thrown [s\src\hotspot\share\interpreter\linkResolver.cpp, line 773]
Event: 13.568 Thread 0x0000019c65a39600 Exception <a 'java/lang/NoSuchMethodError'{0x00000000a6d149e0}: 'void java.lang.invoke.DirectMethodHandle$Holder.invokeVirtual(java.lang.Object, java.lang.Object, java.lang.Object, java.lang.Object)'> (0x00000000a6d149e0) 
thrown [s\src\hotspot\share\interpreter\linkResolver.cpp, line 773]
Event: 13.795 Thread 0x0000019c65a39600 Exception <a 'java/lang/NoSuchMethodError'{0x00000000a6b979b0}: 'java.lang.Object java.lang.invoke.Invokers$Holder.invoke_MT(java.lang.Object, java.lang.Object, java.lang.Object, java.lang.Object, java.lang.Object, java.lang.Object, java.lang.Object, java.lang.Object, java.lang.Object)'> (0x00000000a6b979b0) 
thrown [s\src\hotspot\share\interpreter\linkResolver.cpp, line 773]
Event: 13.810 Thread 0x0000019c65a39600 Exception <a 'java/lang/NoSuchMethodError'{0x00000000a6a08918}: 'java.lang.reflect.Field[] java.lang.Class.getDeclaredFields(java.lang.Class)'> (0x00000000a6a08918) 
thrown [s\src\hotspot\share\interpreter\linkResolver.cpp, line 773]
Event: 13.833 Thread 0x0000019c65a39600 Exception <a 'java/lang/IncompatibleClassChangeError'{0x00000000a6ab47b0}: Found class java.lang.Object, but interface was expected> (0x00000000a6ab47b0) 
thrown [s\src\hotspot\share\interpreter\linkResolver.cpp, line 840]

ZGC Phase Switch (0 events):
No events

VM Operations (20 events):
Event: 5.119 Executing VM operation: Cleanup
Event: 5.119 Executing VM operation: Cleanup done
Event: 5.320 Executing VM operation: G1CollectForAllocation (G1 Evacuation Pause)
Event: 5.337 Executing VM operation: G1CollectForAllocation (G1 Evacuation Pause) done
Event: 6.343 Executing VM operation: Cleanup
Event: 6.344 Executing VM operation: Cleanup done
Event: 10.395 Executing VM operation: Cleanup
Event: 10.535 Executing VM operation: Cleanup done
Event: 10.536 Executing VM operation: HandshakeAllThreads (Deoptimize)
Event: 10.536 Executing VM operation: HandshakeAllThreads (Deoptimize) done
Event: 11.549 Executing VM operation: Cleanup
Event: 11.751 Executing VM operation: Cleanup done
Event: 12.760 Executing VM operation: Cleanup
Event: 12.869 Executing VM operation: Cleanup done
Event: 13.760 Executing VM operation: HandshakeAllThreads (Deoptimize)
Event: 13.760 Executing VM operation: HandshakeAllThreads (Deoptimize) done
Event: 13.767 Executing VM operation: HandshakeAllThreads (Deoptimize)
Event: 13.767 Executing VM operation: HandshakeAllThreads (Deoptimize) done
Event: 14.769 Executing VM operation: Cleanup
Event: 14.894 Executing VM operation: Cleanup done

Memory protections (0 events):
No events

Nmethod flushes (0 events):
No events

Events (18 events):
Event: 0.195 Thread 0x0000019c00fbde00 Thread added: 0x0000019c00fbde00
Event: 0.276 Thread 0x0000019c00fbde00 Thread added: 0x0000019c1f3d63f0
Event: 0.276 Thread 0x0000019c00fbde00 Thread added: 0x0000019c1f3d7b70
Event: 0.278 Thread 0x0000019c00fbde00 Thread added: 0x0000019c1f3d9d70
Event: 0.278 Thread 0x0000019c00fbde00 Thread added: 0x0000019c1f3dc7e0
Event: 0.278 Thread 0x0000019c00fbde00 Thread added: 0x0000019c1f3dfc10
Event: 0.279 Thread 0x0000019c00fbde00 Thread added: 0x0000019c1f3ede00
Event: 0.279 Thread 0x0000019c00fbde00 Thread added: 0x0000019c1f3f1320
Event: 0.280 Thread 0x0000019c00fbde00 Thread added: 0x0000019c1f3f2a60
Event: 0.511 Thread 0x0000019c00fbde00 Thread added: 0x0000019c1f689f60
Event: 0.528 Thread 0x0000019c00fbde00 Thread added: 0x0000019c1f69a380
Event: 0.707 Thread 0x0000019c1f3f1320 Thread added: 0x0000019c1f768ef0
Event: 1.063 Thread 0x0000019c1f768ef0 Thread exited: 0x0000019c1f768ef0
Event: 4.654 Thread 0x0000019c1f3f2a60 Thread added: 0x0000019c653d7910
Event: 4.948 Thread 0x0000019c653d7910 Thread exited: 0x0000019c653d7910
Event: 5.278 Thread 0x0000019c00fbde00 Thread added: 0x0000019c65a8a1c0
Event: 5.293 Thread 0x0000019c65a8a1c0 Thread added: 0x0000019c65a39600
Event: 13.790 Thread 0x0000019c65a39600 Thread added: 0x0000019c6539d3c0


Dynamic libraries:
0x00007ff6454b0000 - 0x00007ff6454be000 	C:\Program Files\Amazon Corretto\jdk21.0.4_7\bin\javaw.exe
0x00007ff96be60000 - 0x00007ff96c0c7000 	C:\WINDOWS\SYSTEM32\ntdll.dll
0x00007ff969be0000 - 0x00007ff969ca9000 	C:\WINDOWS\System32\KERNEL32.DLL
0x00007ff9689f0000 - 0x00007ff968de7000 	C:\WINDOWS\System32\KERNELBASE.dll
0x00007ff9699e0000 - 0x00007ff969b2b000 	C:\WINDOWS\System32\ucrtbase.dll
0x00007ff957790000 - 0x00007ff9577ab000 	C:\Program Files\Amazon Corretto\jdk21.0.4_7\bin\VCRUNTIME140.dll
0x00007ff9443a0000 - 0x00007ff9443b8000 	C:\Program Files\Amazon Corretto\jdk21.0.4_7\bin\jli.dll
0x00007ff96b880000 - 0x00007ff96ba46000 	C:\WINDOWS\System32\USER32.dll
0x00007ff954d10000 - 0x00007ff954fa2000 	C:\WINDOWS\WinSxS\amd64_microsoft.windows.common-controls_6595b64144ccf1df_6.0.26100.8457_none_3e0b2faee331e92d\COMCTL32.dll
0x00007ff968890000 - 0x00007ff9688b7000 	C:\WINDOWS\System32\win32u.dll
0x00007ff96b270000 - 0x00007ff96b319000 	C:\WINDOWS\System32\msvcrt.dll
0x00007ff96bdf0000 - 0x00007ff96be1b000 	C:\WINDOWS\System32\GDI32.dll
0x00007ff9688c0000 - 0x00007ff9689ec000 	C:\WINDOWS\System32\gdi32full.dll
0x00007ff968e80000 - 0x00007ff968f23000 	C:\WINDOWS\System32\msvcp_win.dll
0x00007ff96b060000 - 0x00007ff96b092000 	C:\WINDOWS\System32\IMM32.DLL
0x00007ff9576d0000 - 0x00007ff9576dc000 	C:\Program Files\Amazon Corretto\jdk21.0.4_7\bin\vcruntime140_1.dll
0x00007ff91cfb0000 - 0x00007ff91d03d000 	C:\Program Files\Amazon Corretto\jdk21.0.4_7\bin\msvcp140.dll
0x00007ff8a38b0000 - 0x00007ff8a4646000 	C:\Program Files\Amazon Corretto\jdk21.0.4_7\bin\server\jvm.dll
0x00007ff96afa0000 - 0x00007ff96b056000 	C:\WINDOWS\System32\ADVAPI32.dll
0x00007ff96a420000 - 0x00007ff96a4c7000 	C:\WINDOWS\System32\sechost.dll
0x00007ff969d40000 - 0x00007ff969e58000 	C:\WINDOWS\System32\RPCRT4.dll
0x00007ff96a6b0000 - 0x00007ff96a730000 	C:\WINDOWS\System32\WS2_32.dll
0x00007ff9686f0000 - 0x00007ff96874e000 	C:\WINDOWS\SYSTEM32\POWRPROF.dll
0x00007ff9628c0000 - 0x00007ff9628cb000 	C:\WINDOWS\SYSTEM32\VERSION.dll
0x00007ff962880000 - 0x00007ff9628b6000 	C:\WINDOWS\SYSTEM32\WINMM.dll
0x00007ff9686d0000 - 0x00007ff9686e4000 	C:\WINDOWS\SYSTEM32\UMPDC.dll
0x00007ff967600000 - 0x00007ff96761b000 	C:\WINDOWS\SYSTEM32\kernel.appcore.dll
0x00007ff957640000 - 0x00007ff95764a000 	C:\Program Files\Amazon Corretto\jdk21.0.4_7\bin\jimage.dll
0x00007ff95e670000 - 0x00007ff95e8b2000 	C:\WINDOWS\SYSTEM32\DBGHELP.DLL
0x00007ff96ba60000 - 0x00007ff96bde3000 	C:\WINDOWS\System32\combase.dll
0x00007ff96aec0000 - 0x00007ff96af99000 	C:\WINDOWS\System32\OLEAUT32.dll
0x00007ff956850000 - 0x00007ff95688b000 	C:\WINDOWS\SYSTEM32\dbgcore.DLL
0x00007ff969b30000 - 0x00007ff969bd8000 	C:\WINDOWS\System32\bcryptPrimitives.dll
0x00007ff9412a0000 - 0x00007ff9412bf000 	C:\Program Files\Amazon Corretto\jdk21.0.4_7\bin\java.dll
0x00007ff96a740000 - 0x00007ff96aeae000 	C:\WINDOWS\System32\SHELL32.dll
0x00007ff969170000 - 0x00007ff9699dc000 	C:\WINDOWS\System32\windows.storage.dll
0x00007ff96b0a0000 - 0x00007ff96b196000 	C:\WINDOWS\System32\SHCORE.dll
0x00007ff969e60000 - 0x00007ff969ec6000 	C:\WINDOWS\System32\shlwapi.dll
0x00007ff9687b0000 - 0x00007ff9687d9000 	C:\WINDOWS\SYSTEM32\profapi.dll
0x00007ff8e8620000 - 0x00007ff8e86f7000 	C:\Program Files\Amazon Corretto\jdk21.0.4_7\bin\jsvml.dll
0x00007ff94c400000 - 0x00007ff94c410000 	C:\Program Files\Amazon Corretto\jdk21.0.4_7\bin\net.dll
0x00007ff95f840000 - 0x00007ff95f969000 	C:\WINDOWS\SYSTEM32\WINHTTP.dll
0x00007ff967b90000 - 0x00007ff967bfc000 	C:\WINDOWS\system32\mswsock.dll
0x00007ff93ba70000 - 0x00007ff93ba86000 	C:\Program Files\Amazon Corretto\jdk21.0.4_7\bin\nio.dll
0x00007ff930b00000 - 0x00007ff930b18000 	C:\Program Files\Amazon Corretto\jdk21.0.4_7\bin\zip.dll
0x00007ff94bc80000 - 0x00007ff94bc89000 	C:\Program Files\Amazon Corretto\jdk21.0.4_7\bin\management.dll
0x00007ff941270000 - 0x00007ff94127b000 	C:\Program Files\Amazon Corretto\jdk21.0.4_7\bin\management_ext.dll
0x00007ff969f60000 - 0x00007ff969f68000 	C:\WINDOWS\System32\PSAPI.DLL

dbghelp: loaded successfully - version: 4.0.5 - missing functions: none
symbol engine: initialized successfully - sym options: 0x614 - pdb path: .;C:\Program Files\Amazon Corretto\jdk21.0.4_7\bin;C:\WINDOWS\SYSTEM32;C:\WINDOWS\WinSxS\amd64_microsoft.windows.common-controls_6595b64144ccf1df_6.0.26100.8457_none_3e0b2faee331e92d;C:\Program Files\Amazon Corretto\jdk21.0.4_7\bin\server

VM Arguments:
jvm_args: -Dfile.encoding=UTF-8 -Dstdout.encoding=UTF-8 -Dstderr.encoding=UTF-8 -XX:+ShowCodeDetailsInExceptionMessages 
java_command: com.jp.ems.EmsApplication
java_class_path (initial): S:\ems\target\classes;C:\Users\manda\.m2\repository\org\springframework\boot\spring-boot-starter-data-jpa\4.1.0\spring-boot-starter-data-jpa-4.1.0.jar;C:\Users\manda\.m2\repository\org\springframework\boot\spring-boot-starter\4.1.0\spring-boot-starter-4.1.0.jar;C:\Users\manda\.m2\repository\org\springframework\boot\spring-boot-starter-logging\4.1.0\spring-boot-starter-logging-4.1.0.jar;C:\Users\manda\.m2\repository\ch\qos\logback\logback-classic\1.5.34\logback-classic-1.5.34.jar;C:\Users\manda\.m2\repository\ch\qos\logback\logback-core\1.5.34\logback-core-1.5.34.jar;C:\Users\manda\.m2\repository\org\apache\logging\log4j\log4j-to-slf4j\2.25.4\log4j-to-slf4j-2.25.4.jar;C:\Users\manda\.m2\repository\org\apache\logging\log4j\log4j-api\2.25.4\log4j-api-2.25.4.jar;C:\Users\manda\.m2\repository\org\slf4j\jul-to-slf4j\2.0.18\jul-to-slf4j-2.0.18.jar;C:\Users\manda\.m2\repository\jakarta\annotation\jakarta.annotation-api\3.0.0\jakarta.annotation-api-3.0.0.jar;C:\Users\manda\.m2\repository\org\yaml\snakeyaml\2.6\snakeyaml-2.6.jar;C:\Users\manda\.m2\repository\org\springframework\boot\spring-boot-starter-jdbc\4.1.0\spring-boot-starter-jdbc-4.1.0.jar;C:\Users\manda\.m2\repository\com\zaxxer\HikariCP\7.0.2\HikariCP-7.0.2.jar;C:\Users\manda\.m2\repository\org\slf4j\slf4j-api\2.0.18\slf4j-api-2.0.18.jar;C:\Users\manda\.m2\repository\org\springframework\boot\spring-boot-data-jpa\4.1.0\spring-boot-data-jpa-4.1.0.jar;C:\Users\manda\.m2\repository\org\springframework\boot\spring-boot-data-commons\4.1.0\spring-boot-data-commons-4.1.0.jar;C:\Users\manda\.m2\repository\org\springframework\boot\spring-boot-persistence\4.1.0\spring-boot-persistence-4.1.0.jar;C:\Users\manda\.m2\repository\org\springframework\data\spring-data-commons\4.1.0\spring-data-commons-4.1.0.jar;C:\Users\manda\.m2\repository\org\springframework\boot\spring-boot-hibernate\4.1.0\spring-boot-hibernate-4.1.0.jar;C:\Users\manda\.m2\repository\org\springframework\boot\spring-boot-jpa\4.1.0\spring-boot-jpa-4.1.0.jar;C:\Users\manda\.m2\repository\jakarta\persistence\jakarta.persistence-api\3.2.0\jakarta.persistence-api-3.2.0.jar;C:\Users\manda\.m2\repository\org\hibernate\orm\hibernate-core\7.4.1.Final\hibernate-core-7.4.1.Final.jar;C:\Users\manda\.m2\repository\jakarta\transaction\jakarta.transaction-api\2.0.1\jakarta.transaction-api-2.0.1.jar;C:\Users\manda\.m2\repository\org\hibernate\models\hibernate-models\1.1.1\hibernate-models-1.1.1.jar;C:\Users\manda\.m2\repository\org\glassfish\jaxb\jaxb-runtime\4.0.9\jaxb-runtime-4.0.9.jar;C:\Users\manda\.m2\repository\org\glassfish\jaxb\jaxb-core\4.0.9\jaxb-core-4.0.9.jar;C:\Users\manda\.m2\repository\org\eclipse\angus\angus-activation\2.0.3\angus-activation-2.0.3.jar;C:\Users\manda\.m2\repository\org\glassfish\jaxb\txw2\4.0.9\txw2-4.0.9.jar;C:\Users\manda\.m2\repository\com\sun\istack\istack-commons-runtime\4.1.2\istack-commons-runtime-4.1.2.jar;C:\Users\manda\.m2\repository\jakarta\inject\jakarta.inject-api\2.0.1\jakarta.inject-api-2.0.1.jar;C:\Users\manda\.m2\repository\org\springframework\spring-orm\7.0.8\spring-orm-7.0.8.jar;C:\Users\manda\.m2\repository\org\springframework\data\spring-data-jpa\4.1.0\spring-data-jpa-4.1.0.jar;C:\Users\manda\.m2\repository\org\springframework\spring-aop\7.0.8\spring-aop-7.0.8.jar;C:\Users\manda\.m2\repository\org\springframework\spring-tx\7.0.8\spring-tx-7.0.8.jar;C:\Users\manda\.m2\repository\org\springframework\spring-beans\7.0.8\spring-beans-7.0.8.jar;C:\Users\manda\.m2\repository\org\antlr\antlr4-runtime\4.13.2\antlr4-runtime-4.13.2.jar;C:\Users\manda\.m2\repository\org\springframework\spring-aspects\7.0.8\spring-aspects-7.0.8.jar;C:\Users\manda\.m2\repository\org\aspectj\aspectjweaver\1.9.25.1\aspectjweaver-1.9.25.1.jar;C:\Users\manda\.m2\repository\org\springframework\boot\spring-boot-jdbc\4.1.0\spring-boot-jdbc-4.1.0.jar;C:\Users\manda\.m2\repository\org\springframework\boot\spring-boot-sql\4.1.0\spring-boot-sql-4.1.0.jar;C:\Users\manda\.m2\repository\org\springframework\boot\spring-boot-transaction\4.1.0\spring-boot-transaction-4.1.0.jar;C:\Users\manda\.m2\repository\org\springframework\spring-jdbc\7.0.8\spring-jdbc-7.0.8.jar;C:\Users\manda\.m2\repository\org\springframework\boot\spring-boot-starter-webmvc\4.1.0\spring-boot-starter-webmvc-4.1.0.jar;C:\Users\manda\.m2\repository\org\springframework\boot\spring-boot-starter-jackson\4.1.0\spring-boot-starter-jackson-4.1.0.jar;C:\Users\manda\.m2\repository\org\springframework\boot\spring-boot-jackson\4.1.0\spring-boot-jackson-4.1.0.jar;C:\Users\manda\.m2\repository\tools\jackson\core\jackson-databind\3.1.4\jackson-databind-3.1.4.jar;C:\Users\manda\.m2\repository\com\fasterxml\jackson\core\jackson-annotations\2.21\jackson-annotations-2.21.jar;C:\Users\manda\.m2\repository\tools\jackson\core\jackson-core\3.1.4\jackson-core-3.1.4.jar;C:\Users\manda\.m2\repository\org\springframework\boot\spring-boot-starter-tomcat\4.1.0\spring-boot-starter-tomcat-4.1.0.jar;C:\Users\manda\.m2\repository\org\springframework\boot\spring-boot-starter-tomcat-runtime\4.1.0\spring-boot-starter-tomcat-runtime-4.1.0.jar;C:\Users\manda\.m2\repository\org\apache\tomcat\embed\tomcat-embed-core\11.0.22\tomcat-embed-core-11.0.22.jar;C:\Users\manda\.m2\repository\org\apache\tomcat\embed\tomcat-embed-websocket\11.0.22\tomcat-embed-websocket-11.0.22.jar;C:\Users\manda\.m2\repository\org\springframework\boot\spring-boot-tomcat\4.1.0\spring-boot-tomcat-4.1.0.jar;C:\Users\manda\.m2\repository\org\springframework\boot\spring-boot-http-converter\4.1.0\spring-boot-http-converter-4.1.0.jar;C:\Users\manda\.m2\repository\org\springframework\spring-web\7.0.8\spring-web-7.0.8.jar;C:\Users\manda\.m2\repository\io\micrometer\micrometer-observation\1.17.0\micrometer-observation-1.17.0.jar;C:\Users\manda\.m2\repository\io\micrometer\micrometer-commons\1.17.0\micrometer-commons-1.17.0.jar;C:\Users\manda\.m2\repository\org\springframework\boot\spring-boot-webmvc\4.1.0\spring-boot-webmvc-4.1.0.jar;C:\Users\manda\.m2\repository\org\springframework\boot\spring-boot-servlet\4.1.0\spring-boot-servlet-4.1.0.jar;C:\Users\manda\.m2\repository\org\springframework\spring-webmvc\7.0.8\spring-webmvc-7.0.8.jar;C:\Users\manda\.m2\repository\org\springframework\spring-expression\7.0.8\spring-expression-7.0.8.jar;C:\Users\manda\.m2\repository\org\springframework\boot\spring-boot-devtools\4.1.0\spring-boot-devtools-4.1.0.jar;C:\Users\manda\.m2\repository\org\springframework\boot\spring-boot\4.1.0\spring-boot-4.1.0.jar;C:\Users\manda\.m2\repository\org\springframework\spring-core\7.0.8\spring-core-7.0.8.jar;C:\Users\manda\.m2\repository\commons-logging\commons-logging\1.3.6\commons-logging-1.3.6.jar;C:\Users\manda\.m2\repository\org\jspecify\jspecify\1.0.0\jspecify-1.0.0.jar;C:\Users\manda\.m2\repository\org\springframework\spring-context\7.0.8\spring-context-7.0.8.jar;C:\Users\manda\.m2\repository\org\springframework\boot\spring-boot-autoconfigure\4.1.0\spring-boot-autoconfigure-4.1.0.jar;C:\Users\manda\.m2\repository\com\mysql\mysql-connector-j\9.7.0\mysql-connector-j-9.7.0.jar;C:\Users\manda\.m2\repository\org\projectlombok\lombok\1.18.46\lombok-1.18.46.jar;C:\Users\manda\.m2\repository\jakarta\xml\bind\jakarta.xml.bind-api\4.0.5\jakarta.xml.bind-api-4.0.5.jar;C:\Users\manda\.m2\repository\jakarta\activation\jakarta.activation-api\2.1.4\jakarta.activation-api-2.1.4.jar;C:\Users\manda\.m2\repository\net\bytebuddy\byte-buddy\1.18.10\byte-buddy-1.18.10.jar;C:\Users\manda\.m2\repository\org\springframework\boot\spring-boot-web-server\4.1.0\spring-boot-web-server-4.1.0.jar;C:\Users\manda\.m2\repository\org\springframework\boot\spring-boot-starter-validation\4.1.0\spring-boot-starter-validation-4.1.0.jar;C:\Users\manda\.m2\repository\org\springframework\boot\spring-boot-validation\4.1.0\spring-boot-validation-4.1.0.jar;C:\Users\manda\.m2\repository\org\apache\tomcat\embed\tomcat-embed-el\11.0.22\tomcat-embed-el-11.0.22.jar;C:\Users\manda\.m2\repository\org\hibernate\validator\hibernate-validator\9.1.0.Final\hibernate-validator-9.1.0.Final.jar;C:\Users\manda\.m2\repository\jakarta\validation\jakarta.validation-api\3.1.1\jakarta.validation-api-3.1.1.jar;C:\Users\manda\.m2\repository\org\jboss\logging\jboss-logging\3.6.3.Final\jboss-logging-3.6.3.Final.jar;C:\Users\manda\.m2\repository\com\fasterxml\classmate\1.7.3\classmate-1.7.3.jar
Launcher Type: SUN_STANDARD

[Global flags]
     intx CICompilerCount                          = 4                                         {product} {ergonomic}
     uint ConcGCThreads                            = 2                                         {product} {ergonomic}
     uint G1ConcRefinementThreads                  = 8                                         {product} {ergonomic}
   size_t G1HeapRegionSize                         = 1048576                                   {product} {ergonomic}
    uintx GCDrainStackTargetSize                   = 64                                        {product} {ergonomic}
   size_t InitialHeapSize                          = 100663296                                 {product} {ergonomic}
   size_t MarkStackSize                            = 4194304                                   {product} {ergonomic}
   size_t MaxHeapSize                              = 1581252608                                {product} {ergonomic}
   size_t MaxNewSize                               = 947912704                                 {product} {ergonomic}
   size_t MinHeapDeltaBytes                        = 1048576                                   {product} {ergonomic}
   size_t MinHeapSize                              = 8388608                                   {product} {ergonomic}
    uintx NonNMethodCodeHeapSize                   = 5839372                                {pd product} {ergonomic}
    uintx NonProfiledCodeHeapSize                  = 122909434                              {pd product} {ergonomic}
    uintx ProfiledCodeHeapSize                     = 122909434                              {pd product} {ergonomic}
    uintx ReservedCodeCacheSize                    = 251658240                              {pd product} {ergonomic}
     bool SegmentedCodeCache                       = true                                      {product} {ergonomic}
     bool ShowCodeDetailsInExceptionMessages       = true                                   {manageable} {command line}
   size_t SoftMaxHeapSize                          = 1581252608                             {manageable} {ergonomic}
     bool UseCompressedOops                        = true                           {product lp64_product} {ergonomic}
     bool UseG1GC                                  = true                                      {product} {ergonomic}
     bool UseLargePagesIndividualAllocation        = false                                  {pd product} {ergonomic}

Logging:
Log output configuration:
 #0: stdout all=warning uptime,level,tags foldmultilines=false
 #1: stderr all=off uptime,level,tags foldmultilines=false

Environment Variables:
JAVA_HOME=C:\Program Files\Amazon Corretto\jdk21.0.4_7
CLASSPATH=C:\oraclexe\app\oracle\product\10.2.0\server\jdbc\lib\ojdbc14_g.jar;"C:\Program Files (x86)\MySQL\Connector J 8.0\mysql-connector-j-8.0.33.jar;";C:\Program Files\Apache Software Foundation\Tomcat 10.1\lib\servlet-api.jar;
PATH=C:/Users/manda/OneDrive/Documents/eclipse-jee-2024-03-R-win32-x86_64/eclipse//plugins/org.eclipse.justj.openjdk.hotspot.jre.full.win32.x86_64_17.0.10.v20240120-1143/jre/bin/server;C:/Users/manda/OneDrive/Documents/eclipse-jee-2024-03-R-win32-x86_64/eclipse//plugins/org.eclipse.justj.openjdk.hotspot.jre.full.win32.x86_64_17.0.10.v20240120-1143/jre/bin;C:\Program Files\Amazon Corretto\jdk21.0.4_7\bin;C:\Program Files\Amazon Corretto\jdk17.0.10_7\bin;C:\oraclexe\app\oracle\product\10.2.0\server\bin;C:\WINDOWS\system32;C:\WINDOWS;C:\WINDOWS\System32\Wbem;C:\WINDOWS\System32\WindowsPowerShell\v1.0\;C:\WINDOWS\System32\OpenSSH\;C:\Program Files\dotnet\;C:\Program Files\Azure Data Studio\bin;C:\Program Files\Microsoft SQL Server\Client SDK\ODBC\170\Tools\Binn\;C:\Program Files (x86)\Microsoft SQL Server\160\Tools\Binn\;C:\Program Files\Microsoft SQL Server\160\Tools\Binn\;C:\Program Files\Microsoft SQL Server\160\DTS\Binn\;C:\Program Files (x86)\Microsoft SQL Server\150\DTS\Binn\;C:\TDM-GCC-64\bin;C:\Program Files\Git\cmd;C:\Program Files\Git\mingw64\bin;C:\Program Files\Git\usr\bin;C:\Program Files\nodejs\;C:\Users\manda\OneDrive\Documents\apache-maven-3.9.12-bin\apache-maven-3.9.12\bin;C:\Program Files\Amazon Corretto\jdk21.0.4_7\bin;C:\Program Files\Amazon Corretto\jdk17.0.10_7\bin;C:\oraclexe\app\oracle\product\10.2.0\server\bin;C:\WINDOWS\system32;C:\WINDOWS;C:\WINDOWS\System32\Wbem;C:\WINDOWS\System32\WindowsPowerShell\v1.0\;C:\WINDOWS\System32\OpenSSH\;C:\Program Files\dotnet\;C:\Program Files\Azure Data Studio\bin;C:\Program Files\Microsoft SQL Server\Client SDK\ODBC\170\Tools\Binn\;C:\Program Files (x86)\Microsoft SQL Server\160\Tools\Binn\;C:\Program Files\Microsoft SQL Server\160\Tools\Binn\;C:\Program Files\Microsoft SQL Server\160\DTS\Binn\;C:\Program Files (x86)\Microsoft SQL Server\150\DTS\Binn\;C:\TDM-GCC-64\bin;C:\Program Files\Git\cmd;C:\Program Files\Git\mingw64\bin;C:\Program Files\Git\usr\bin;C:\Program Files\nodejs\;C:\Users\manda\OneDrive\Documents\apache-maven-3.9.12-bin\apache-maven-3.9.12\bin;;C:\Program Files\apache-maven-3.9.6\bin;;C:\Users\manda\OneDrive\Documents\eclipse-jee-2024-03-R-win32-x86_64\eclipse;
USERNAME=manda
OS=Windows_NT
PROCESSOR_IDENTIFIER=AMD64 Family 23 Model 24 Stepping 1, AuthenticAMD
TMP=C:\Users\manda\AppData\Local\Temp
TEMP=C:\Users\manda\AppData\Local\Temp




Periodic native trim disabled

---------------  S Y S T E M  ---------------

OS:
 Windows 11 , 64 bit Build 26100 (10.0.26100.8328)
OS uptime: 11 days 0:07 hours
Hyper-V role detected

CPU: total 8 (initial active 8) (8 cores per cpu, 2 threads per core) family 23 model 24 stepping 1 microcode 0x810810e, cx8, cmov, fxsr, ht, mmx, 3dnowpref, sse, sse2, sse3, ssse3, sse4a, sse4.1, sse4.2, popcnt, lzcnt, tsc, tscinvbit, avx, avx2, aes, clmul, bmi1, bmi2, adx, sha, fma, vzeroupper, clflush, clflushopt, hv, rdtscp, f16c
Processor Information for all 8 processors :
  Max Mhz: 2100, Current Mhz: 2100, Mhz Limit: 2100

Memory: 4k page, system-wide physical 6030M (534M free)
TotalPageFile size 24462M (AvailPageFile size 66M)
current process WorkingSet (physical memory assigned to process): 97M, peak: 97M
current process commit charge ("private bytes"): 202M, peak: 202M

vm_info: OpenJDK 64-Bit Server VM (21.0.4+7-LTS) for windows-amd64 JRE (21.0.4+7-LTS), built on 2024-07-10T17:34:29Z by "Administrator" with MS VC++ 16.10 / 16.11 (VS2019)

END.
