#
# There is insufficient memory for the Java Runtime Environment to continue.
# Native memory allocation (malloc) failed to allocate 494224 bytes. Error detail: Chunk::new
# Possible reasons:
#   The system is out of physical RAM or swap space
#   This process is running with CompressedOops enabled, and the Java Heap may be blocking the growth of the native heap
# Possible solutions:
#   Reduce memory load on the system
#   Increase physical memory or swap space
#   Check if swap backing store is full
#   Decrease Java heap size (-Xmx/-Xms)
#   Decrease number of Java threads
#   Decrease Java thread stack sizes (-Xss)
#   Set larger code cache with -XX:ReservedCodeCacheSize=
#   JVM is running with Unscaled Compressed Oops mode in which the Java heap is
#     placed in the first 4GB address space. The Java Heap base address is the
#     maximum limit for the native heap growth. Please use -XX:HeapBaseMinAddress
#     to set the Java Heap base and to place the Java Heap above 4GB virtual address.
# This output file may be truncated or incomplete.
#
#  Out of Memory Error (arena.cpp:168), pid=24980, tid=31260
#
# JRE version: OpenJDK Runtime Environment Corretto-21.0.4.7.1 (21.0.4+7) (build 21.0.4+7-LTS)
# Java VM: OpenJDK 64-Bit Server VM Corretto-21.0.4.7.1 (21.0.4+7-LTS, mixed mode, sharing, tiered, compressed oops, compressed class ptrs, g1 gc, windows-amd64)
# No core dump will be written. Minidumps are not enabled by default on client versions of Windows
#

---------------  S U M M A R Y ------------

Command Line: -Dfile.encoding=UTF-8 -Dstdout.encoding=UTF-8 -Dstderr.encoding=UTF-8 -XX:+ShowCodeDetailsInExceptionMessages com.jp.ems.EmsApplication

Host: AMD Ryzen 5 3450U with Radeon Vega Mobile Gfx  , 8 cores, 5G,  Windows 11 , 64 bit Build 26100 (10.0.26100.8328)
Time: Mon Jun 22 10:10:19 2026 India Standard Time elapsed time: 11.639521 seconds (0d 0h 0m 11s)

---------------  T H R E A D  ---------------

Current thread (0x000001896e7a11e0):  JavaThread "C2 CompilerThread1" daemon [_thread_in_native, id=31260, stack(0x0000001e4aa00000,0x0000001e4ab00000) (1024K)]


Current CompileTask:
C2:  11639 1954       4       jdk.internal.org.objectweb.asm.Frame::execute (2305 bytes)

Stack: [0x0000001e4aa00000,0x0000001e4ab00000]
Native frames: (J=compiled Java code, j=interpreted, Vv=VM code, C=native code)
V  [jvm.dll+0x6d83d9]
V  [jvm.dll+0x8b39f3]
V  [jvm.dll+0x8b5d4e]
V  [jvm.dll+0x8b6433]
V  [jvm.dll+0x285816]
V  [jvm.dll+0xc608d]
V  [jvm.dll+0xc65c3]
V  [jvm.dll+0x3bf09b]
V  [jvm.dll+0x38afb7]
V  [jvm.dll+0x38a42a]
V  [jvm.dll+0x24dcb2]
V  [jvm.dll+0x24d281]
V  [jvm.dll+0x1cbda4]
V  [jvm.dll+0x25c819]
V  [jvm.dll+0x25adcb]
V  [jvm.dll+0x3f9936]
V  [jvm.dll+0x85c768]
V  [jvm.dll+0x6d6bdd]
C  [ucrtbase.dll+0x37b0]
C  [KERNEL32.DLL+0x2e957]
C  [ntdll.dll+0x427c]


---------------  P R O C E S S  ---------------

Threads class SMR info:
_java_thread_list=0x000001896e778330, length=15, elements={
0x000001890a8c6140, 0x0000018928a82300, 0x0000018928a84220, 0x0000018928a88bd0,
0x0000018928a89630, 0x0000018928a8c560, 0x0000018928a8f2d0, 0x0000018928a9e9d0,
0x0000018928aa0930, 0x0000018928d10ef0, 0x0000018928d34ce0, 0x000001896ea61fc0,
0x000001896ea62630, 0x000001896e7a11e0, 0x000001896e66cdc0
}

Java Threads: ( => current thread )
  0x000001890a8c6140 JavaThread "main"                              [_thread_blocked, id=12800, stack(0x0000001e49100000,0x0000001e49200000) (1024K)]
  0x0000018928a82300 JavaThread "Reference Handler"          daemon [_thread_blocked, id=29004, stack(0x0000001e49900000,0x0000001e49a00000) (1024K)]
  0x0000018928a84220 JavaThread "Finalizer"                  daemon [_thread_blocked, id=24100, stack(0x0000001e49a00000,0x0000001e49b00000) (1024K)]
  0x0000018928a88bd0 JavaThread "Signal Dispatcher"          daemon [_thread_blocked, id=9996, stack(0x0000001e49b00000,0x0000001e49c00000) (1024K)]
  0x0000018928a89630 JavaThread "Attach Listener"            daemon [_thread_blocked, id=27904, stack(0x0000001e49c00000,0x0000001e49d00000) (1024K)]
  0x0000018928a8c560 JavaThread "Service Thread"             daemon [_thread_blocked, id=29052, stack(0x0000001e49d00000,0x0000001e49e00000) (1024K)]
  0x0000018928a8f2d0 JavaThread "Monitor Deflation Thread"   daemon [_thread_blocked, id=8672, stack(0x0000001e49e00000,0x0000001e49f00000) (1024K)]
  0x0000018928a9e9d0 JavaThread "C2 CompilerThread0"         daemon [_thread_in_vm, id=27620, stack(0x0000001e49f00000,0x0000001e4a000000) (1024K)]
  0x0000018928aa0930 JavaThread "C1 CompilerThread0"         daemon [_thread_blocked, id=29352, stack(0x0000001e4a000000,0x0000001e4a100000) (1024K)]
  0x0000018928d10ef0 JavaThread "Notification Thread"        daemon [_thread_blocked, id=29496, stack(0x0000001e4a100000,0x0000001e4a200000) (1024K)]
  0x0000018928d34ce0 JavaThread "Common-Cleaner"             daemon [_thread_blocked, id=22092, stack(0x0000001e4a200000,0x0000001e4a300000) (1024K)]
  0x000001896ea61fc0 JavaThread "Thread-0"                          [_thread_blocked, id=1348, stack(0x0000001e4a300000,0x0000001e4a400000) (1024K)]
  0x000001896ea62630 JavaThread "restartedMain"                     [_thread_in_Java, id=5264, stack(0x0000001e4a400000,0x0000001e4a500000) (1024K)]
=>0x000001896e7a11e0 JavaThread "C2 CompilerThread1"         daemon [_thread_in_native, id=31260, stack(0x0000001e4aa00000,0x0000001e4ab00000) (1024K)]
  0x000001896e66cdc0 JavaThread "background-preinit"                [_thread_in_vm, id=21276, stack(0x0000001e4ab00000,0x0000001e4ac00000) (1024K)]
Total: 15

Other Threads:
  0x0000018928a5d250 VMThread "VM Thread"                           [id=20624, stack(0x0000001e49800000,0x0000001e49900000) (1024K)]
  0x0000018928a446e0 WatcherThread "VM Periodic Task Thread"        [id=18220, stack(0x0000001e49700000,0x0000001e49800000) (1024K)]
  0x000001890a90f690 WorkerThread "GC Thread#0"                     [id=7284, stack(0x0000001e49200000,0x0000001e49300000) (1024K)]
  0x000001896ee06090 WorkerThread "GC Thread#1"                     [id=1924, stack(0x0000001e4a500000,0x0000001e4a600000) (1024K)]
  0x000001896ee06430 WorkerThread "GC Thread#2"                     [id=9664, stack(0x0000001e4a600000,0x0000001e4a700000) (1024K)]
  0x000001896ee067d0 WorkerThread "GC Thread#3"                     [id=10712, stack(0x0000001e4a700000,0x0000001e4a800000) (1024K)]
  0x000001896ee06b70 WorkerThread "GC Thread#4"                     [id=5724, stack(0x0000001e4a800000,0x0000001e4a900000) (1024K)]
  0x000001896e9b7ed0 WorkerThread "GC Thread#5"                     [id=29660, stack(0x0000001e4a900000,0x0000001e4aa00000) (1024K)]
  0x000001896eb8d310 WorkerThread "GC Thread#6"                     [id=25784, stack(0x0000001e4ac00000,0x0000001e4ad00000) (1024K)]
  0x000001896eb8d6b0 WorkerThread "GC Thread#7"                     [id=12604, stack(0x0000001e4ad00000,0x0000001e4ae00000) (1024K)]
  0x000001890a91d910 ConcurrentGCThread "G1 Main Marker"            [id=10572, stack(0x0000001e49300000,0x0000001e49400000) (1024K)]
  0x000001890a91e410 WorkerThread "G1 Conc#0"                       [id=7084, stack(0x0000001e49400000,0x0000001e49500000) (1024K)]
  0x000001890a97e620 ConcurrentGCThread "G1 Refine#0"               [id=18244, stack(0x0000001e49500000,0x0000001e49600000) (1024K)]
  0x0000018928918200 ConcurrentGCThread "G1 Service"                [id=28364, stack(0x0000001e49600000,0x0000001e49700000) (1024K)]
Total: 14

Threads with active compile tasks:
C2 CompilerThread0    11706 1983       4       jdk.internal.org.objectweb.asm.SymbolTable::addConstantUtf8Reference (101 bytes)
C1 CompilerThread0    11706 2018       3       jdk.internal.loader.AbstractClassLoaderValue::extractValue (17 bytes)
C2 CompilerThread1    11706 1954       4       jdk.internal.org.objectweb.asm.Frame::execute (2305 bytes)
Total: 3

VM state: not at safepoint (normal execution)

VM Mutex/Monitor currently owned by a thread: None

Heap address: 0x00000000a1c00000, size: 1508 MB, Compressed Oops mode: 32-bit

CDS archive(s) mapped at: [0x0000018929000000-0x0000018929c90000-0x0000018929c90000), size 13172736, SharedBaseAddress: 0x0000018929000000, ArchiveRelocationMode: 1.
Compressed class space mapped at: 0x000001892a000000-0x000001896a000000, reserved size: 1073741824
Narrow klass base: 0x0000018929000000, Narrow klass shift: 0, Narrow klass range: 0x100000000

GC Precious Log:
 CardTable entry size: 512
 Card Set container configuration: InlinePtr #cards 5 size 8 Array Of Cards #cards 12 size 40 Howl #buckets 4 coarsen threshold 1843 Howl Bitmap #cards 512 size 80 coarsen threshold 460 Card regions per heap region 1 cards per card region 2048
 CPUs: 8 total, 8 available
 Memory: 6030M
 Large Page Support: Disabled
 NUMA Support: Disabled
 Compressed Oops: Enabled (32-bit)
 Heap Region Size: 1M
 Heap Min Capacity: 8M
 Heap Initial Capacity: 96M
 Heap Max Capacity: 1508M
 Pre-touch: Disabled
 Parallel Workers: 8
 Concurrent Workers: 2
 Concurrent Refinement Workers: 8
 Periodic GC: Disabled

Heap:
 garbage-first heap   total 98304K, used 13178K [0x00000000a1c00000, 0x0000000100000000)
  region size 1024K, 8 young (8192K), 4 survivors (4096K)
 Metaspace       used 14439K, committed 14784K, reserved 1114112K
  class space    used 1790K, committed 1984K, reserved 1048576K

Heap Regions: E=young(eden), S=young(survivor), O=old, HS=humongous(starts), HC=humongous(continues), CS=collection set, F=free, TAMS=top-at-mark-start, PB=parsable bottom
|   0|0x00000000a1c00000, 0x00000000a1d00000, 0x00000000a1d00000|100%|HS|  |TAMS 0x00000000a1c00000| PB 0x00000000a1c00000| Complete 
|   1|0x00000000a1d00000, 0x00000000a1e00000, 0x00000000a1e00000|100%| O|  |TAMS 0x00000000a1d00000| PB 0x00000000a1d00000| Untracked 
|   2|0x00000000a1e00000, 0x00000000a1f00000, 0x00000000a1f00000|100%| O|  |TAMS 0x00000000a1e00000| PB 0x00000000a1e00000| Untracked 
|   3|0x00000000a1f00000, 0x00000000a2000000, 0x00000000a2000000|100%| O|  |TAMS 0x00000000a1f00000| PB 0x00000000a1f00000| Untracked 
|   4|0x00000000a2000000, 0x00000000a2100000, 0x00000000a2100000|100%| O|  |TAMS 0x00000000a2000000| PB 0x00000000a2000000| Untracked 
|   5|0x00000000a2100000, 0x00000000a2200000, 0x00000000a2200000|100%| O|  |TAMS 0x00000000a2100000| PB 0x00000000a2100000| Untracked 
|   6|0x00000000a2200000, 0x00000000a22bfdf8, 0x00000000a2300000| 74%| O|  |TAMS 0x00000000a2200000| PB 0x00000000a2200000| Untracked 
|   7|0x00000000a2300000, 0x00000000a2300000, 0x00000000a2400000|  0%| F|  |TAMS 0x00000000a2300000| PB 0x00000000a2300000| Untracked 
|   8|0x00000000a2400000, 0x00000000a2400000, 0x00000000a2500000|  0%| F|  |TAMS 0x00000000a2400000| PB 0x00000000a2400000| Untracked 
|   9|0x00000000a2500000, 0x00000000a2500000, 0x00000000a2600000|  0%| F|  |TAMS 0x00000000a2500000| PB 0x00000000a2500000| Untracked 
|  10|0x00000000a2600000, 0x00000000a2600000, 0x00000000a2700000|  0%| F|  |TAMS 0x00000000a2600000| PB 0x00000000a2600000| Untracked 
|  11|0x00000000a2700000, 0x00000000a2700000, 0x00000000a2800000|  0%| F|  |TAMS 0x00000000a2700000| PB 0x00000000a2700000| Untracked 
|  12|0x00000000a2800000, 0x00000000a2800000, 0x00000000a2900000|  0%| F|  |TAMS 0x00000000a2800000| PB 0x00000000a2800000| Untracked 
|  13|0x00000000a2900000, 0x00000000a2900000, 0x00000000a2a00000|  0%| F|  |TAMS 0x00000000a2900000| PB 0x00000000a2900000| Untracked 
|  14|0x00000000a2a00000, 0x00000000a2a00000, 0x00000000a2b00000|  0%| F|  |TAMS 0x00000000a2a00000| PB 0x00000000a2a00000| Untracked 
|  15|0x00000000a2b00000, 0x00000000a2b00000, 0x00000000a2c00000|  0%| F|  |TAMS 0x00000000a2b00000| PB 0x00000000a2b00000| Untracked 
|  16|0x00000000a2c00000, 0x00000000a2c00000, 0x00000000a2d00000|  0%| F|  |TAMS 0x00000000a2c00000| PB 0x00000000a2c00000| Untracked 
|  17|0x00000000a2d00000, 0x00000000a2d00000, 0x00000000a2e00000|  0%| F|  |TAMS 0x00000000a2d00000| PB 0x00000000a2d00000| Untracked 
|  18|0x00000000a2e00000, 0x00000000a2e00000, 0x00000000a2f00000|  0%| F|  |TAMS 0x00000000a2e00000| PB 0x00000000a2e00000| Untracked 
|  19|0x00000000a2f00000, 0x00000000a2f00000, 0x00000000a3000000|  0%| F|  |TAMS 0x00000000a2f00000| PB 0x00000000a2f00000| Untracked 
|  20|0x00000000a3000000, 0x00000000a3000000, 0x00000000a3100000|  0%| F|  |TAMS 0x00000000a3000000| PB 0x00000000a3000000| Untracked 
|  21|0x00000000a3100000, 0x00000000a3100000, 0x00000000a3200000|  0%| F|  |TAMS 0x00000000a3100000| PB 0x00000000a3100000| Untracked 
|  22|0x00000000a3200000, 0x00000000a3200000, 0x00000000a3300000|  0%| F|  |TAMS 0x00000000a3200000| PB 0x00000000a3200000| Untracked 
|  23|0x00000000a3300000, 0x00000000a3300000, 0x00000000a3400000|  0%| F|  |TAMS 0x00000000a3300000| PB 0x00000000a3300000| Untracked 
|  24|0x00000000a3400000, 0x00000000a3400000, 0x00000000a3500000|  0%| F|  |TAMS 0x00000000a3400000| PB 0x00000000a3400000| Untracked 
|  25|0x00000000a3500000, 0x00000000a3500000, 0x00000000a3600000|  0%| F|  |TAMS 0x00000000a3500000| PB 0x00000000a3500000| Untracked 
|  26|0x00000000a3600000, 0x00000000a3600000, 0x00000000a3700000|  0%| F|  |TAMS 0x00000000a3600000| PB 0x00000000a3600000| Untracked 
|  27|0x00000000a3700000, 0x00000000a3700000, 0x00000000a3800000|  0%| F|  |TAMS 0x00000000a3700000| PB 0x00000000a3700000| Untracked 
|  28|0x00000000a3800000, 0x00000000a3800000, 0x00000000a3900000|  0%| F|  |TAMS 0x00000000a3800000| PB 0x00000000a3800000| Untracked 
|  29|0x00000000a3900000, 0x00000000a3900000, 0x00000000a3a00000|  0%| F|  |TAMS 0x00000000a3900000| PB 0x00000000a3900000| Untracked 
|  30|0x00000000a3a00000, 0x00000000a3a00000, 0x00000000a3b00000|  0%| F|  |TAMS 0x00000000a3a00000| PB 0x00000000a3a00000| Untracked 
|  31|0x00000000a3b00000, 0x00000000a3b00000, 0x00000000a3c00000|  0%| F|  |TAMS 0x00000000a3b00000| PB 0x00000000a3b00000| Untracked 
|  32|0x00000000a3c00000, 0x00000000a3c00000, 0x00000000a3d00000|  0%| F|  |TAMS 0x00000000a3c00000| PB 0x00000000a3c00000| Untracked 
|  33|0x00000000a3d00000, 0x00000000a3d00000, 0x00000000a3e00000|  0%| F|  |TAMS 0x00000000a3d00000| PB 0x00000000a3d00000| Untracked 
|  34|0x00000000a3e00000, 0x00000000a3e00000, 0x00000000a3f00000|  0%| F|  |TAMS 0x00000000a3e00000| PB 0x00000000a3e00000| Untracked 
|  35|0x00000000a3f00000, 0x00000000a3f00000, 0x00000000a4000000|  0%| F|  |TAMS 0x00000000a3f00000| PB 0x00000000a3f00000| Untracked 
|  36|0x00000000a4000000, 0x00000000a4000000, 0x00000000a4100000|  0%| F|  |TAMS 0x00000000a4000000| PB 0x00000000a4000000| Untracked 
|  37|0x00000000a4100000, 0x00000000a4100000, 0x00000000a4200000|  0%| F|  |TAMS 0x00000000a4100000| PB 0x00000000a4100000| Untracked 
|  38|0x00000000a4200000, 0x00000000a4200000, 0x00000000a4300000|  0%| F|  |TAMS 0x00000000a4200000| PB 0x00000000a4200000| Untracked 
|  39|0x00000000a4300000, 0x00000000a4300000, 0x00000000a4400000|  0%| F|  |TAMS 0x00000000a4300000| PB 0x00000000a4300000| Untracked 
|  40|0x00000000a4400000, 0x00000000a4400000, 0x00000000a4500000|  0%| F|  |TAMS 0x00000000a4400000| PB 0x00000000a4400000| Untracked 
|  41|0x00000000a4500000, 0x00000000a4500000, 0x00000000a4600000|  0%| F|  |TAMS 0x00000000a4500000| PB 0x00000000a4500000| Untracked 
|  42|0x00000000a4600000, 0x00000000a4600000, 0x00000000a4700000|  0%| F|  |TAMS 0x00000000a4600000| PB 0x00000000a4600000| Untracked 
|  43|0x00000000a4700000, 0x00000000a4700000, 0x00000000a4800000|  0%| F|  |TAMS 0x00000000a4700000| PB 0x00000000a4700000| Untracked 
|  44|0x00000000a4800000, 0x00000000a4800000, 0x00000000a4900000|  0%| F|  |TAMS 0x00000000a4800000| PB 0x00000000a4800000| Untracked 
|  45|0x00000000a4900000, 0x00000000a4900000, 0x00000000a4a00000|  0%| F|  |TAMS 0x00000000a4900000| PB 0x00000000a4900000| Untracked 
|  46|0x00000000a4a00000, 0x00000000a4a00000, 0x00000000a4b00000|  0%| F|  |TAMS 0x00000000a4a00000| PB 0x00000000a4a00000| Untracked 
|  47|0x00000000a4b00000, 0x00000000a4b00000, 0x00000000a4c00000|  0%| F|  |TAMS 0x00000000a4b00000| PB 0x00000000a4b00000| Untracked 
|  48|0x00000000a4c00000, 0x00000000a4c00000, 0x00000000a4d00000|  0%| F|  |TAMS 0x00000000a4c00000| PB 0x00000000a4c00000| Untracked 
|  49|0x00000000a4d00000, 0x00000000a4d00000, 0x00000000a4e00000|  0%| F|  |TAMS 0x00000000a4d00000| PB 0x00000000a4d00000| Untracked 
|  50|0x00000000a4e00000, 0x00000000a4e00000, 0x00000000a4f00000|  0%| F|  |TAMS 0x00000000a4e00000| PB 0x00000000a4e00000| Untracked 
|  51|0x00000000a4f00000, 0x00000000a4f00000, 0x00000000a5000000|  0%| F|  |TAMS 0x00000000a4f00000| PB 0x00000000a4f00000| Untracked 
|  52|0x00000000a5000000, 0x00000000a5000000, 0x00000000a5100000|  0%| F|  |TAMS 0x00000000a5000000| PB 0x00000000a5000000| Untracked 
|  53|0x00000000a5100000, 0x00000000a5100000, 0x00000000a5200000|  0%| F|  |TAMS 0x00000000a5100000| PB 0x00000000a5100000| Untracked 
|  54|0x00000000a5200000, 0x00000000a5200000, 0x00000000a5300000|  0%| F|  |TAMS 0x00000000a5200000| PB 0x00000000a5200000| Untracked 
|  55|0x00000000a5300000, 0x00000000a5300000, 0x00000000a5400000|  0%| F|  |TAMS 0x00000000a5300000| PB 0x00000000a5300000| Untracked 
|  56|0x00000000a5400000, 0x00000000a5400000, 0x00000000a5500000|  0%| F|  |TAMS 0x00000000a5400000| PB 0x00000000a5400000| Untracked 
|  57|0x00000000a5500000, 0x00000000a5500000, 0x00000000a5600000|  0%| F|  |TAMS 0x00000000a5500000| PB 0x00000000a5500000| Untracked 
|  58|0x00000000a5600000, 0x00000000a5600000, 0x00000000a5700000|  0%| F|  |TAMS 0x00000000a5600000| PB 0x00000000a5600000| Untracked 
|  59|0x00000000a5700000, 0x00000000a5700000, 0x00000000a5800000|  0%| F|  |TAMS 0x00000000a5700000| PB 0x00000000a5700000| Untracked 
|  60|0x00000000a5800000, 0x00000000a581ec00, 0x00000000a5900000| 12%| S|CS|TAMS 0x00000000a5800000| PB 0x00000000a5800000| Complete 
|  61|0x00000000a5900000, 0x00000000a5a00000, 0x00000000a5a00000|100%| S|CS|TAMS 0x00000000a5900000| PB 0x00000000a5900000| Complete 
|  62|0x00000000a5a00000, 0x00000000a5b00000, 0x00000000a5b00000|100%| S|CS|TAMS 0x00000000a5a00000| PB 0x00000000a5a00000| Complete 
|  63|0x00000000a5b00000, 0x00000000a5c00000, 0x00000000a5c00000|100%| S|CS|TAMS 0x00000000a5b00000| PB 0x00000000a5b00000| Complete 
|  64|0x00000000a5c00000, 0x00000000a5c00000, 0x00000000a5d00000|  0%| F|  |TAMS 0x00000000a5c00000| PB 0x00000000a5c00000| Untracked 
|  65|0x00000000a5d00000, 0x00000000a5d00000, 0x00000000a5e00000|  0%| F|  |TAMS 0x00000000a5d00000| PB 0x00000000a5d00000| Untracked 
|  66|0x00000000a5e00000, 0x00000000a5e00000, 0x00000000a5f00000|  0%| F|  |TAMS 0x00000000a5e00000| PB 0x00000000a5e00000| Untracked 
|  67|0x00000000a5f00000, 0x00000000a5f00000, 0x00000000a6000000|  0%| F|  |TAMS 0x00000000a5f00000| PB 0x00000000a5f00000| Untracked 
|  68|0x00000000a6000000, 0x00000000a6000000, 0x00000000a6100000|  0%| F|  |TAMS 0x00000000a6000000| PB 0x00000000a6000000| Untracked 
|  69|0x00000000a6100000, 0x00000000a6100000, 0x00000000a6200000|  0%| F|  |TAMS 0x00000000a6100000| PB 0x00000000a6100000| Untracked 
|  70|0x00000000a6200000, 0x00000000a6200000, 0x00000000a6300000|  0%| F|  |TAMS 0x00000000a6200000| PB 0x00000000a6200000| Untracked 
|  71|0x00000000a6300000, 0x00000000a6300000, 0x00000000a6400000|  0%| F|  |TAMS 0x00000000a6300000| PB 0x00000000a6300000| Untracked 
|  72|0x00000000a6400000, 0x00000000a6400000, 0x00000000a6500000|  0%| F|  |TAMS 0x00000000a6400000| PB 0x00000000a6400000| Untracked 
|  73|0x00000000a6500000, 0x00000000a6500000, 0x00000000a6600000|  0%| F|  |TAMS 0x00000000a6500000| PB 0x00000000a6500000| Untracked 
|  74|0x00000000a6600000, 0x00000000a6600000, 0x00000000a6700000|  0%| F|  |TAMS 0x00000000a6600000| PB 0x00000000a6600000| Untracked 
|  75|0x00000000a6700000, 0x00000000a6700000, 0x00000000a6800000|  0%| F|  |TAMS 0x00000000a6700000| PB 0x00000000a6700000| Untracked 
|  76|0x00000000a6800000, 0x00000000a6800000, 0x00000000a6900000|  0%| F|  |TAMS 0x00000000a6800000| PB 0x00000000a6800000| Untracked 
|  77|0x00000000a6900000, 0x00000000a6900000, 0x00000000a6a00000|  0%| F|  |TAMS 0x00000000a6900000| PB 0x00000000a6900000| Untracked 
|  78|0x00000000a6a00000, 0x00000000a6a00000, 0x00000000a6b00000|  0%| F|  |TAMS 0x00000000a6a00000| PB 0x00000000a6a00000| Untracked 
|  79|0x00000000a6b00000, 0x00000000a6b00000, 0x00000000a6c00000|  0%| F|  |TAMS 0x00000000a6b00000| PB 0x00000000a6b00000| Untracked 
|  80|0x00000000a6c00000, 0x00000000a6c00000, 0x00000000a6d00000|  0%| F|  |TAMS 0x00000000a6c00000| PB 0x00000000a6c00000| Untracked 
|  81|0x00000000a6d00000, 0x00000000a6d00000, 0x00000000a6e00000|  0%| F|  |TAMS 0x00000000a6d00000| PB 0x00000000a6d00000| Untracked 
|  82|0x00000000a6e00000, 0x00000000a6e00000, 0x00000000a6f00000|  0%| F|  |TAMS 0x00000000a6e00000| PB 0x00000000a6e00000| Untracked 
|  83|0x00000000a6f00000, 0x00000000a6f00000, 0x00000000a7000000|  0%| F|  |TAMS 0x00000000a6f00000| PB 0x00000000a6f00000| Untracked 
|  84|0x00000000a7000000, 0x00000000a7000000, 0x00000000a7100000|  0%| F|  |TAMS 0x00000000a7000000| PB 0x00000000a7000000| Untracked 
|  85|0x00000000a7100000, 0x00000000a7100000, 0x00000000a7200000|  0%| F|  |TAMS 0x00000000a7100000| PB 0x00000000a7100000| Untracked 
|  86|0x00000000a7200000, 0x00000000a7200000, 0x00000000a7300000|  0%| F|  |TAMS 0x00000000a7200000| PB 0x00000000a7200000| Untracked 
|  87|0x00000000a7300000, 0x00000000a7300000, 0x00000000a7400000|  0%| F|  |TAMS 0x00000000a7300000| PB 0x00000000a7300000| Untracked 
|  88|0x00000000a7400000, 0x00000000a7400000, 0x00000000a7500000|  0%| F|  |TAMS 0x00000000a7400000| PB 0x00000000a7400000| Untracked 
|  89|0x00000000a7500000, 0x00000000a7500000, 0x00000000a7600000|  0%| F|  |TAMS 0x00000000a7500000| PB 0x00000000a7500000| Untracked 
|  90|0x00000000a7600000, 0x00000000a7600000, 0x00000000a7700000|  0%| F|  |TAMS 0x00000000a7600000| PB 0x00000000a7600000| Untracked 
|  91|0x00000000a7700000, 0x00000000a77ce430, 0x00000000a7800000| 80%| E|  |TAMS 0x00000000a7700000| PB 0x00000000a7700000| Complete 
|  92|0x00000000a7800000, 0x00000000a7900000, 0x00000000a7900000|100%| E|CS|TAMS 0x00000000a7800000| PB 0x00000000a7800000| Complete 
|  93|0x00000000a7900000, 0x00000000a7a00000, 0x00000000a7a00000|100%| E|CS|TAMS 0x00000000a7900000| PB 0x00000000a7900000| Complete 
|  94|0x00000000a7a00000, 0x00000000a7b00000, 0x00000000a7b00000|100%| E|CS|TAMS 0x00000000a7a00000| PB 0x00000000a7a00000| Complete 
|  95|0x00000000a7b00000, 0x00000000a7c00000, 0x00000000a7c00000|100%| E|CS|TAMS 0x00000000a7b00000| PB 0x00000000a7b00000| Complete 

Card table byte_map: [0x0000018924550000,0x0000018924850000] _byte_map_base: 0x0000018924042000

Marking Bits: (CMBitMap*) 0x000001890a90fd90
 Bits: [0x0000018924850000, 0x0000018925fe0000)

Polling page: 0x000001890a980000

Metaspace:

Usage:
  Non-class:     12.48 MB used.
      Class:      1.77 MB used.
       Both:     14.26 MB used.

Virtual space:
  Non-class space:       64.00 MB reserved,      12.75 MB ( 20%) committed,  1 nodes.
      Class space:        1.00 GB reserved,       2.00 MB ( <1%) committed,  1 nodes.
             Both:        1.06 GB reserved,      14.75 MB (  1%) committed. 

Chunk freelists:
   Non-Class:  3.23 MB
       Class:  13.86 MB
        Both:  17.09 MB

MaxMetaspaceSize: unlimited
CompressedClassSpaceSize: 1.00 GB
Initial GC threshold: 21.00 MB
Current GC threshold: 21.00 MB
CDS: on
 - commit_granule_bytes: 65536.
 - commit_granule_words: 8192.
 - virtual_space_node_default_size: 8388608.
 - enlarge_chunks_in_place: 1.
 - use_allocation_guard: 0.


Internal statistics:

num_allocs_failed_limit: 0.
num_arena_births: 430.
num_arena_deaths: 0.
num_vsnodes_births: 2.
num_vsnodes_deaths: 0.
num_space_committed: 236.
num_space_uncommitted: 0.
num_chunks_returned_to_freelist: 0.
num_chunks_taken_from_freelist: 960.
num_chunk_merges: 0.
num_chunk_splits: 603.
num_chunks_enlarged: 392.
num_inconsistent_stats: 0.

CodeHeap 'non-profiled nmethods': size=120000Kb used=704Kb max_used=704Kb free=119296Kb
 bounds [0x000001891c2c0000, 0x000001891c530000, 0x00000189237f0000]
CodeHeap 'profiled nmethods': size=120000Kb used=3683Kb max_used=3683Kb free=116316Kb
 bounds [0x00000189147f0000, 0x0000018914b90000, 0x000001891bd20000]
CodeHeap 'non-nmethods': size=5760Kb used=1420Kb max_used=1440Kb free=4339Kb
 bounds [0x000001891bd20000, 0x000001891bf90000, 0x000001891c2c0000]
 total_blobs=2529 nmethods=2020 adapters=413
 compilation: enabled
              stopped_count=0, restarted_count=0
 full_count=0

Compilation events (20 events):
Event: 8.590 Thread 0x0000018928aa0930 1982       3       java.util.LinkedHashMap$LinkedValueIterator::next (8 bytes)
Event: 8.590 Thread 0x0000018928aa0930 nmethod 1982 0x0000018914b76f10 code [0x0000018914b770c0, 0x0000018914b77200]
Event: 8.591 Thread 0x0000018928aa0930 1981       3       java.lang.reflect.ReflectAccess::getExecutableSharedParameterTypes (5 bytes)
Event: 8.592 Thread 0x0000018928aa0930 nmethod 1981 0x0000018914b77310 code [0x0000018914b774c0, 0x0000018914b77698]
Event: 8.592 Thread 0x0000018928aa0930 1984       3       jdk.internal.org.objectweb.asm.Frame::getConcreteOutputType (111 bytes)
Event: 8.593 Thread 0x0000018928aa0930 nmethod 1984 0x0000018914b77790 code [0x0000018914b77940, 0x0000018914b77d00]
Event: 8.594 Thread 0x0000018928aa0930 1985       3       java.lang.AbstractStringBuilder::<init> (63 bytes)
Event: 8.595 Thread 0x0000018928aa0930 nmethod 1985 0x0000018914b77e10 code [0x0000018914b78000, 0x0000018914b78588]
Event: 8.595 Thread 0x0000018928aa0930 1986       3       org.springframework.core.annotation.AttributeMethods::size (6 bytes)
Event: 8.595 Thread 0x0000018928aa0930 nmethod 1986 0x0000018914b78790 code [0x0000018914b78920, 0x0000018914b78a38]
Event: 8.596 Thread 0x0000018928aa0930 1987       3       java.lang.reflect.Method::equals (65 bytes)
Event: 8.596 Thread 0x0000018928aa0930 nmethod 1987 0x0000018914b78b10 code [0x0000018914b78d00, 0x0000018914b793b0]
Event: 8.596 Thread 0x0000018928aa0930 1988       3       org.springframework.core.annotation.AttributeMethods::get (7 bytes)
Event: 8.596 Thread 0x0000018928aa0930 nmethod 1988 0x0000018914b79510 code [0x0000018914b796a0, 0x0000018914b797d8]
Event: 8.597 Thread 0x0000018928aa0930 1990       3       jdk.internal.org.objectweb.asm.MethodWriter::putAbstractTypes (31 bytes)
Event: 8.597 Thread 0x0000018928aa0930 nmethod 1990 0x0000018914b79890 code [0x0000018914b79a40, 0x0000018914b79c80]
Event: 8.597 Thread 0x0000018928aa0930 1991       3       jdk.internal.org.objectweb.asm.SymbolTable::put (150 bytes)
Event: 8.598 Thread 0x0000018928aa0930 nmethod 1991 0x0000018914b79d90 code [0x0000018914b79f80, 0x0000018914b7a7e0]
Event: 8.598 Thread 0x0000018928aa0930 1989       1       java.lang.Class::getAnnotationType (5 bytes)
Event: 8.598 Thread 0x0000018928aa0930 nmethod 1989 0x000001891c36dd10 code [0x000001891c36dea0, 0x000001891c36df68]

GC Heap History (4 events):
Event: 5.038 GC heap before
{Heap before GC invocations=0 (full 0):
 garbage-first heap   total 98304K, used 23552K [0x00000000a1c00000, 0x0000000100000000)
  region size 1024K, 23 young (23552K), 0 survivors (0K)
 Metaspace       used 5203K, committed 5440K, reserved 1114112K
  class space    used 602K, committed 704K, reserved 1048576K
}
Event: 5.053 GC heap after
{Heap after GC invocations=1 (full 0):
 garbage-first heap   total 98304K, used 6723K [0x00000000a1c00000, 0x0000000100000000)
  region size 1024K, 3 young (3072K), 3 survivors (3072K)
 Metaspace       used 5203K, committed 5440K, reserved 1114112K
  class space    used 602K, committed 704K, reserved 1048576K
}
Event: 8.495 GC heap before
{Heap before GC invocations=1 (full 0):
 garbage-first heap   total 98304K, used 35395K [0x00000000a1c00000, 0x0000000100000000)
  region size 1024K, 32 young (32768K), 3 survivors (3072K)
 Metaspace       used 13611K, committed 14080K, reserved 1114112K
  class space    used 1700K, committed 1920K, reserved 1048576K
}
Event: 8.510 GC heap after
{Heap after GC invocations=2 (full 0):
 garbage-first heap   total 98304K, used 10106K [0x00000000a1c00000, 0x0000000100000000)
  region size 1024K, 4 young (4096K), 4 survivors (4096K)
 Metaspace       used 13611K, committed 14080K, reserved 1114112K
  class space    used 1700K, committed 1920K, reserved 1048576K
}

Dll operation events (8 events):
Event: 0.100 Loaded shared library C:\Program Files\Amazon Corretto\jdk21.0.4_7\bin\java.dll
Event: 0.816 Loaded shared library C:\Program Files\Amazon Corretto\jdk21.0.4_7\bin\jsvml.dll
Event: 1.715 Loaded shared library C:\Program Files\Amazon Corretto\jdk21.0.4_7\bin\net.dll
Event: 1.749 Loaded shared library C:\Program Files\Amazon Corretto\jdk21.0.4_7\bin\nio.dll
Event: 1.780 Loaded shared library C:\Program Files\Amazon Corretto\jdk21.0.4_7\bin\zip.dll
Event: 2.507 Loaded shared library C:\Program Files\Amazon Corretto\jdk21.0.4_7\bin\jimage.dll
Event: 4.688 Loaded shared library C:\Program Files\Amazon Corretto\jdk21.0.4_7\bin\management.dll
Event: 4.719 Loaded shared library C:\Program Files\Amazon Corretto\jdk21.0.4_7\bin\management_ext.dll

Deoptimization events (20 events):
Event: 8.343 Thread 0x000001896e66cdc0 Uncommon trap: trap_request=0xffffff45 fr.pc=0x000001891c2cbb70 relative=0x0000000000000490
Event: 8.344 Thread 0x000001896e66cdc0 Uncommon trap: reason=unstable_if action=reinterpret pc=0x000001891c2cbb70 method=java.lang.StringLatin1.canEncode(I)Z @ 4 c2
Event: 8.344 Thread 0x000001896e66cdc0 DEOPT PACKING pc=0x000001891c2cbb70 sp=0x0000001e4abfd960
Event: 8.344 Thread 0x000001896e66cdc0 DEOPT UNPACKING pc=0x000001891bd746a2 sp=0x0000001e4abfd898 mode 2
Event: 8.344 Thread 0x000001896e66cdc0 Uncommon trap: trap_request=0xffffff45 fr.pc=0x000001891c2d0f48 relative=0x0000000000000468
Event: 8.344 Thread 0x000001896e66cdc0 Uncommon trap: reason=unstable_if action=reinterpret pc=0x000001891c2d0f48 method=java.lang.AbstractStringBuilder.isLatin1()Z @ 10 c2
Event: 8.344 Thread 0x000001896e66cdc0 DEOPT PACKING pc=0x000001891c2d0f48 sp=0x0000001e4abfd970
Event: 8.344 Thread 0x000001896e66cdc0 DEOPT UNPACKING pc=0x000001891bd746a2 sp=0x0000001e4abfd900 mode 2
Event: 8.344 Thread 0x000001896e66cdc0 Uncommon trap: trap_request=0xffffff45 fr.pc=0x000001891c2cc1ec relative=0x000000000000006c
Event: 8.344 Thread 0x000001896e66cdc0 Uncommon trap: reason=unstable_if action=reinterpret pc=0x000001891c2cc1ec method=java.lang.AbstractStringBuilder.isLatin1()Z @ 10 c2
Event: 8.345 Thread 0x000001896e66cdc0 DEOPT PACKING pc=0x000001891c2cc1ec sp=0x0000001e4abfd970
Event: 8.345 Thread 0x000001896e66cdc0 DEOPT UNPACKING pc=0x000001891bd746a2 sp=0x0000001e4abfd900 mode 2
Event: 8.352 Thread 0x000001896e66cdc0 Uncommon trap: trap_request=0xffffff45 fr.pc=0x000001891c3234d4 relative=0x0000000000000054
Event: 8.352 Thread 0x000001896e66cdc0 Uncommon trap: reason=unstable_if action=reinterpret pc=0x000001891c3234d4 method=java.lang.CharacterData.of(I)Ljava/lang/CharacterData; @ 4 c2
Event: 8.353 Thread 0x000001896e66cdc0 DEOPT PACKING pc=0x000001891c3234d4 sp=0x0000001e4abfd110
Event: 8.353 Thread 0x000001896e66cdc0 DEOPT UNPACKING pc=0x000001891bd746a2 sp=0x0000001e4abfd0a8 mode 2
Event: 8.589 Thread 0x000001896ea62630 Uncommon trap: trap_request=0xffffff45 fr.pc=0x000001891c31d5a8 relative=0x0000000000000308
Event: 8.589 Thread 0x000001896ea62630 Uncommon trap: reason=unstable_if action=reinterpret pc=0x000001891c31d5a8 method=jdk.internal.org.objectweb.asm.SymbolTable.put(Ljdk/internal/org/objectweb/asm/SymbolTable$Entry;)Ljdk/internal/org/objectweb/asm/SymbolTable$Entry; @ 13 c2
Event: 8.589 Thread 0x000001896ea62630 DEOPT PACKING pc=0x000001891c31d5a8 sp=0x0000001e4a4fcfd0
Event: 8.589 Thread 0x000001896ea62630 DEOPT UNPACKING pc=0x000001891bd746a2 sp=0x0000001e4a4fcf50 mode 2

Classes loaded (20 events):
Event: 8.432 Loading class java/time/ZonedDateTime$1
Event: 8.433 Loading class java/time/ZonedDateTime$1 done
Event: 8.462 Loading class org/xml/sax/ErrorHandler
Event: 8.463 Loading class org/xml/sax/ErrorHandler done
Event: 8.463 Loading class org/xml/sax/SAXParseException
Event: 8.464 Loading class org/xml/sax/SAXException
Event: 8.464 Loading class org/xml/sax/SAXException done
Event: 8.464 Loading class org/xml/sax/SAXParseException done
Event: 8.464 Loading class javax/xml/parsers/ParserConfigurationException
Event: 8.465 Loading class javax/xml/parsers/ParserConfigurationException done
Event: 8.466 Loading class org/xml/sax/EntityResolver
Event: 8.466 Loading class org/xml/sax/EntityResolver done
Event: 8.471 Loading class java/io/StringReader
Event: 8.472 Loading class java/io/StringReader done
Event: 8.472 Loading class java/io/CharArrayReader
Event: 8.473 Loading class java/io/CharArrayReader done
Event: 8.483 Loading class java/io/CharConversionException
Event: 8.484 Loading class java/io/CharConversionException done
Event: 8.570 Loading class java/lang/annotation/Repeatable
Event: 8.570 Loading class java/lang/annotation/Repeatable done

Classes unloaded (0 events):
No events

Classes redefined (0 events):
No events

Internal exceptions (20 events):
Event: 7.101 Thread 0x000001896ea62630 Exception <a 'java/lang/NoSuchMethodError'{0x00000000a701df80}: 'int java.lang.invoke.DirectMethodHandle$Holder.invokeStaticInit(java.lang.Object, long, long)'> (0x00000000a701df80) 
thrown [s\src\hotspot\share\interpreter\linkResolver.cpp, line 773]
Event: 7.104 Thread 0x000001896ea62630 Exception <a 'java/lang/NoSuchMethodError'{0x00000000a7024ca8}: 'int java.lang.invoke.DirectMethodHandle$Holder.invokeStaticInit(java.lang.Object, float, float)'> (0x00000000a7024ca8) 
thrown [s\src\hotspot\share\interpreter\linkResolver.cpp, line 773]
Event: 7.105 Thread 0x000001896ea62630 Exception <a 'java/lang/NoSuchMethodError'{0x00000000a702b9c8}: 'int java.lang.invoke.DirectMethodHandle$Holder.invokeStaticInit(java.lang.Object, double, double)'> (0x00000000a702b9c8) 
thrown [s\src\hotspot\share\interpreter\linkResolver.cpp, line 773]
Event: 7.106 Thread 0x000001896ea62630 Exception <a 'java/lang/NoSuchMethodError'{0x00000000a70301d0}: 'int java.lang.invoke.DirectMethodHandle$Holder.invokeStatic(java.lang.Object, long)'> (0x00000000a70301d0) 
thrown [s\src\hotspot\share\interpreter\linkResolver.cpp, line 773]
Event: 7.116 Thread 0x000001896ea62630 Exception <a 'java/lang/NoSuchMethodError'{0x00000000a7052978}: 'int java.lang.invoke.Invokers$Holder.linkToTargetMethod(java.lang.Object, java.lang.Object)'> (0x00000000a7052978) 
thrown [s\src\hotspot\share\interpreter\linkResolver.cpp, line 773]
Event: 7.175 Thread 0x000001896ea62630 Exception <a 'java/lang/NoSuchMethodError'{0x00000000a70ca558}: 'java.lang.Object java.lang.invoke.DirectMethodHandle$Holder.invokeSpecial(java.lang.Object, java.lang.Object, java.lang.Object, int, java.lang.Object)'> (0x00000000a70ca558) 
thrown [s\src\hotspot\share\interpreter\linkResolver.cpp, line 773]
Event: 7.178 Thread 0x000001896ea62630 Exception <a 'java/lang/NoSuchMethodError'{0x00000000a70d1f00}: 'java.lang.Object java.lang.invoke.DirectMethodHandle$Holder.newInvokeSpecial(java.lang.Object, java.lang.Object, java.lang.Object, int, java.lang.Object)'> (0x00000000a70d1f00) 
thrown [s\src\hotspot\share\interpreter\linkResolver.cpp, line 773]
Event: 7.179 Thread 0x000001896ea62630 Exception <a 'java/lang/NoSuchMethodError'{0x00000000a70d6228}: 'java.lang.Object java.lang.invoke.DirectMethodHandle$Holder.invokeSpecial(java.lang.Object, java.lang.Object, java.lang.Object, java.lang.Object, int, java.lang.Object)'> (0x00000000a70d6228) 
thrown [s\src\hotspot\share\interpreter\linkResolver.cpp, line 773]
Event: 7.180 Thread 0x000001896ea62630 Exception <a 'java/lang/NoSuchMethodError'{0x00000000a70d9aa8}: 'java.lang.Object java.lang.invoke.Invokers$Holder.linkToTargetMethod(java.lang.Object, java.lang.Object, int, java.lang.Object, java.lang.Object)'> (0x00000000a70d9aa8) 
thrown [s\src\hotspot\share\interpreter\linkResolver.cpp, line 773]
Event: 7.186 Thread 0x000001896ea62630 Exception <a 'java/lang/NoSuchMethodError'{0x00000000a70e8650}: 'java.lang.Object java.lang.invoke.DirectMethodHandle$Holder.newInvokeSpecial(java.lang.Object, int, java.lang.Object)'> (0x00000000a70e8650) 
thrown [s\src\hotspot\share\interpreter\linkResolver.cpp, line 773]
Event: 7.188 Thread 0x000001896ea62630 Exception <a 'java/lang/NoSuchMethodError'{0x00000000a70ece80}: 'int java.lang.invoke.DirectMethodHandle$Holder.invokeSpecialIFC(java.lang.Object, java.lang.Object, java.lang.Object, java.lang.Object)'> (0x00000000a70ece80) 
thrown [s\src\hotspot\share\interpreter\linkResolver.cpp, line 773]
Event: 7.276 Thread 0x000001896ea62630 Exception <a 'java/lang/NoSuchMethodError'{0x00000000a6f8e810}: 'void java.lang.invoke.DirectMethodHandle$Holder.invokeInterface(java.lang.Object, java.lang.Object, java.lang.Object)'> (0x00000000a6f8e810) 
thrown [s\src\hotspot\share\interpreter\linkResolver.cpp, line 773]
Event: 7.362 Thread 0x000001896ea62630 Exception <a 'java/lang/NoSuchMethodError'{0x00000000a6e1bd58}: 'void java.lang.invoke.DirectMethodHandle$Holder.invokeStaticInit(java.lang.Object, java.lang.Object, java.lang.Object)'> (0x00000000a6e1bd58) 
thrown [s\src\hotspot\share\interpreter\linkResolver.cpp, line 773]
Event: 7.394 Thread 0x000001896ea62630 Exception <a 'java/lang/NoSuchMethodError'{0x00000000a6e64bf0}: 'java.lang.Object java.lang.invoke.DirectMethodHandle$Holder.invokeVirtual(java.lang.Object, java.lang.Object, java.lang.Object)'> (0x00000000a6e64bf0) 
thrown [s\src\hotspot\share\interpreter\linkResolver.cpp, line 773]
Event: 7.415 Thread 0x000001896ea62630 Exception <a 'java/lang/NoSuchMethodError'{0x00000000a6e86890}: 'java.lang.Object java.lang.invoke.DirectMethodHandle$Holder.invokeStaticInit(java.lang.Object, int)'> (0x00000000a6e86890) 
thrown [s\src\hotspot\share\interpreter\linkResolver.cpp, line 773]
Event: 7.452 Thread 0x000001896ea62630 Exception <a 'java/lang/NoSuchMethodError'{0x00000000a6e90be0}: 'java.lang.Object java.lang.invoke.DirectMethodHandle$Holder.invokeStaticInit(java.lang.Object, int, java.lang.Object)'> (0x00000000a6e90be0) 
thrown [s\src\hotspot\share\interpreter\linkResolver.cpp, line 773]
Event: 7.554 Thread 0x000001896ea62630 Exception <a 'java/lang/NoSuchMethodError'{0x00000000a6d13920}: 'void java.lang.invoke.DirectMethodHandle$Holder.invokeVirtual(java.lang.Object, java.lang.Object, java.lang.Object, java.lang.Object)'> (0x00000000a6d13920) 
thrown [s\src\hotspot\share\interpreter\linkResolver.cpp, line 773]
Event: 7.895 Thread 0x000001896ea62630 Exception <a 'java/lang/NoSuchMethodError'{0x00000000a6b969a0}: 'java.lang.Object java.lang.invoke.Invokers$Holder.invoke_MT(java.lang.Object, java.lang.Object, java.lang.Object, java.lang.Object, java.lang.Object, java.lang.Object, java.lang.Object, java.lang.Object, java.lang.Object)'> (0x00000000a6b969a0) 
thrown [s\src\hotspot\share\interpreter\linkResolver.cpp, line 773]
Event: 7.922 Thread 0x000001896ea62630 Exception <a 'java/lang/NoSuchMethodError'{0x00000000a6a08118}: 'java.lang.reflect.Field[] java.lang.Class.getDeclaredFields(java.lang.Class)'> (0x00000000a6a08118) 
thrown [s\src\hotspot\share\interpreter\linkResolver.cpp, line 773]
Event: 7.973 Thread 0x000001896ea62630 Exception <a 'java/lang/IncompatibleClassChangeError'{0x00000000a6abc730}: Found class java.lang.Object, but interface was expected> (0x00000000a6abc730) 
thrown [s\src\hotspot\share\interpreter\linkResolver.cpp, line 840]

ZGC Phase Switch (0 events):
No events

VM Operations (20 events):
Event: 5.037 Executing VM operation: G1CollectForAllocation (G1 Evacuation Pause)
Event: 5.053 Executing VM operation: G1CollectForAllocation (G1 Evacuation Pause) done
Event: 6.055 Executing VM operation: Cleanup
Event: 6.055 Executing VM operation: Cleanup done
Event: 7.066 Executing VM operation: Cleanup
Event: 7.066 Executing VM operation: Cleanup done
Event: 7.082 Executing VM operation: HandshakeAllThreads (Deoptimize)
Event: 7.083 Executing VM operation: HandshakeAllThreads (Deoptimize) done
Event: 7.834 Executing VM operation: HandshakeAllThreads (Deoptimize)
Event: 7.834 Executing VM operation: HandshakeAllThreads (Deoptimize) done
Event: 7.846 Executing VM operation: HandshakeAllThreads (Deoptimize)
Event: 7.846 Executing VM operation: HandshakeAllThreads (Deoptimize) done
Event: 8.354 Executing VM operation: HandshakeAllThreads (Deoptimize)
Event: 8.354 Executing VM operation: HandshakeAllThreads (Deoptimize) done
Event: 8.354 Executing VM operation: Cleanup
Event: 8.355 Executing VM operation: Cleanup done
Event: 8.495 Executing VM operation: G1CollectForAllocation (G1 Evacuation Pause)
Event: 8.510 Executing VM operation: G1CollectForAllocation (G1 Evacuation Pause) done
Event: 9.524 Executing VM operation: Cleanup
Event: 9.524 Executing VM operation: Cleanup done

Memory protections (0 events):
No events

Nmethod flushes (0 events):
No events

Events (19 events):
Event: 0.440 Thread 0x000001890a8c6140 Thread added: 0x000001890a8c6140
Event: 0.783 Thread 0x000001890a8c6140 Thread added: 0x0000018928a82300
Event: 0.784 Thread 0x000001890a8c6140 Thread added: 0x0000018928a84220
Event: 0.788 Thread 0x000001890a8c6140 Thread added: 0x0000018928a88bd0
Event: 0.789 Thread 0x000001890a8c6140 Thread added: 0x0000018928a89630
Event: 0.790 Thread 0x000001890a8c6140 Thread added: 0x0000018928a8c560
Event: 0.791 Thread 0x000001890a8c6140 Thread added: 0x0000018928a8f2d0
Event: 0.792 Thread 0x000001890a8c6140 Thread added: 0x0000018928a9e9d0
Event: 0.794 Thread 0x000001890a8c6140 Thread added: 0x0000018928aa0930
Event: 1.591 Thread 0x000001890a8c6140 Thread added: 0x0000018928d10ef0
Event: 1.646 Thread 0x000001890a8c6140 Thread added: 0x0000018928d34ce0
Event: 2.090 Thread 0x0000018928a9e9d0 Thread added: 0x0000018928d8c6e0
Event: 2.669 Thread 0x0000018928d8c6e0 Thread exited: 0x0000018928d8c6e0
Event: 3.578 Thread 0x0000018928aa0930 Thread added: 0x000001896e289450
Event: 4.098 Thread 0x000001896e289450 Thread exited: 0x000001896e289450
Event: 4.955 Thread 0x000001890a8c6140 Thread added: 0x000001896ea61fc0
Event: 4.984 Thread 0x000001896ea61fc0 Thread added: 0x000001896ea62630
Event: 7.481 Thread 0x0000018928aa0930 Thread added: 0x000001896e7a11e0
Event: 7.884 Thread 0x000001896ea62630 Thread added: 0x000001896e66cdc0


Dynamic libraries:
0x00007ff610120000 - 0x00007ff61012e000 	C:\Program Files\Amazon Corretto\jdk21.0.4_7\bin\javaw.exe
0x00007ff96be60000 - 0x00007ff96c0c7000 	C:\WINDOWS\SYSTEM32\ntdll.dll
0x00007ff969be0000 - 0x00007ff969ca9000 	C:\WINDOWS\System32\KERNEL32.DLL
0x00007ff9689f0000 - 0x00007ff968de7000 	C:\WINDOWS\System32\KERNELBASE.dll
0x00007ff9699e0000 - 0x00007ff969b2b000 	C:\WINDOWS\System32\ucrtbase.dll
0x00007ff957790000 - 0x00007ff9577a8000 	C:\Program Files\Amazon Corretto\jdk21.0.4_7\bin\jli.dll
0x00007ff96b880000 - 0x00007ff96ba46000 	C:\WINDOWS\System32\USER32.dll
0x00007ff968890000 - 0x00007ff9688b7000 	C:\WINDOWS\System32\win32u.dll
0x00007ff96bdf0000 - 0x00007ff96be1b000 	C:\WINDOWS\System32\GDI32.dll
0x00007ff9688c0000 - 0x00007ff9689ec000 	C:\WINDOWS\System32\gdi32full.dll
0x00007ff968e80000 - 0x00007ff968f23000 	C:\WINDOWS\System32\msvcp_win.dll
0x00007ff957570000 - 0x00007ff95758b000 	C:\Program Files\Amazon Corretto\jdk21.0.4_7\bin\VCRUNTIME140.dll
0x00007ff954d10000 - 0x00007ff954fa2000 	C:\WINDOWS\WinSxS\amd64_microsoft.windows.common-controls_6595b64144ccf1df_6.0.26100.8457_none_3e0b2faee331e92d\COMCTL32.dll
0x00007ff96b270000 - 0x00007ff96b319000 	C:\WINDOWS\System32\msvcrt.dll
0x00007ff96b060000 - 0x00007ff96b092000 	C:\WINDOWS\System32\IMM32.DLL
0x00007ff9576d0000 - 0x00007ff9576dc000 	C:\Program Files\Amazon Corretto\jdk21.0.4_7\bin\vcruntime140_1.dll
0x00007ff91cfb0000 - 0x00007ff91d03d000 	C:\Program Files\Amazon Corretto\jdk21.0.4_7\bin\msvcp140.dll
0x00007ff8a38b0000 - 0x00007ff8a4646000 	C:\Program Files\Amazon Corretto\jdk21.0.4_7\bin\server\jvm.dll
0x00007ff96afa0000 - 0x00007ff96b056000 	C:\WINDOWS\System32\ADVAPI32.dll
0x00007ff96a420000 - 0x00007ff96a4c7000 	C:\WINDOWS\System32\sechost.dll
0x00007ff969d40000 - 0x00007ff969e58000 	C:\WINDOWS\System32\RPCRT4.dll
0x00007ff96a6b0000 - 0x00007ff96a730000 	C:\WINDOWS\System32\WS2_32.dll
0x00007ff9686f0000 - 0x00007ff96874e000 	C:\WINDOWS\SYSTEM32\POWRPROF.dll
0x00007ff962880000 - 0x00007ff9628b6000 	C:\WINDOWS\SYSTEM32\WINMM.dll
0x00007ff9628c0000 - 0x00007ff9628cb000 	C:\WINDOWS\SYSTEM32\VERSION.dll
0x00007ff9686d0000 - 0x00007ff9686e4000 	C:\WINDOWS\SYSTEM32\UMPDC.dll
0x00007ff967600000 - 0x00007ff96761b000 	C:\WINDOWS\SYSTEM32\kernel.appcore.dll
0x00007ff957640000 - 0x00007ff95764a000 	C:\Program Files\Amazon Corretto\jdk21.0.4_7\bin\jimage.dll
0x00007ff95e670000 - 0x00007ff95e8b2000 	C:\WINDOWS\SYSTEM32\DBGHELP.DLL
0x00007ff96ba60000 - 0x00007ff96bde3000 	C:\WINDOWS\System32\combase.dll
0x00007ff96aec0000 - 0x00007ff96af99000 	C:\WINDOWS\System32\OLEAUT32.dll
0x00007ff956850000 - 0x00007ff95688b000 	C:\WINDOWS\SYSTEM32\dbgcore.DLL
0x00007ff969b30000 - 0x00007ff969bd8000 	C:\WINDOWS\System32\bcryptPrimitives.dll
0x00007ff9412a0000 - 0x00007ff9412bf000 	C:\Program Files\Amazon Corretto\jdk21.0.4_7\bin\java.dll
0x00007ff96a740000 - 0x00007ff96aeae000 	C:\WINDOWS\System32\SHELL32.dll
0x00007ff969170000 - 0x00007ff9699dc000 	C:\WINDOWS\System32\windows.storage.dll
0x00007ff96b0a0000 - 0x00007ff96b196000 	C:\WINDOWS\System32\SHCORE.dll
0x00007ff969e60000 - 0x00007ff969ec6000 	C:\WINDOWS\System32\shlwapi.dll
0x00007ff9687b0000 - 0x00007ff9687d9000 	C:\WINDOWS\SYSTEM32\profapi.dll
0x00007ff8e80b0000 - 0x00007ff8e8187000 	C:\Program Files\Amazon Corretto\jdk21.0.4_7\bin\jsvml.dll
0x00007ff9574f0000 - 0x00007ff957500000 	C:\Program Files\Amazon Corretto\jdk21.0.4_7\bin\net.dll
0x00007ff95f840000 - 0x00007ff95f969000 	C:\WINDOWS\SYSTEM32\WINHTTP.dll
0x00007ff967b90000 - 0x00007ff967bfc000 	C:\WINDOWS\system32\mswsock.dll
0x00007ff940110000 - 0x00007ff940126000 	C:\Program Files\Amazon Corretto\jdk21.0.4_7\bin\nio.dll
0x00007ff93de30000 - 0x00007ff93de48000 	C:\Program Files\Amazon Corretto\jdk21.0.4_7\bin\zip.dll
0x00007ff9520b0000 - 0x00007ff9520b9000 	C:\Program Files\Amazon Corretto\jdk21.0.4_7\bin\management.dll
0x00007ff94c400000 - 0x00007ff94c40b000 	C:\Program Files\Amazon Corretto\jdk21.0.4_7\bin\management_ext.dll
0x00007ff969f60000 - 0x00007ff969f68000 	C:\WINDOWS\System32\PSAPI.DLL

dbghelp: loaded successfully - version: 4.0.5 - missing functions: none
symbol engine: initialized successfully - sym options: 0x614 - pdb path: .;C:\Program Files\Amazon Corretto\jdk21.0.4_7\bin;C:\WINDOWS\SYSTEM32;C:\WINDOWS\WinSxS\amd64_microsoft.windows.common-controls_6595b64144ccf1df_6.0.26100.8457_none_3e0b2faee331e92d;C:\Program Files\Amazon Corretto\jdk21.0.4_7\bin\server

VM Arguments:
jvm_args: -Dfile.encoding=UTF-8 -Dstdout.encoding=UTF-8 -Dstderr.encoding=UTF-8 -XX:+ShowCodeDetailsInExceptionMessages 
java_command: com.jp.ems.EmsApplication
java_class_path (initial): S:\ems\target\classes;C:\Users\manda\.m2\repository\org\springframework\boot\spring-boot-starter-data-jpa\4.1.0\spring-boot-starter-data-jpa-4.1.0.jar;C:\Users\manda\.m2\repository\org\springframework\boot\spring-boot-starter\4.1.0\spring-boot-starter-4.1.0.jar;C:\Users\manda\.m2\repository\org\springframework\boot\spring-boot-starter-logging\4.1.0\spring-boot-starter-logging-4.1.0.jar;C:\Users\manda\.m2\repository\ch\qos\logback\logback-classic\1.5.34\logback-classic-1.5.34.jar;C:\Users\manda\.m2\repository\ch\qos\logback\logback-core\1.5.34\logback-core-1.5.34.jar;C:\Users\manda\.m2\repository\org\apache\logging\log4j\log4j-to-slf4j\2.25.4\log4j-to-slf4j-2.25.4.jar;C:\Users\manda\.m2\repository\org\apache\logging\log4j\log4j-api\2.25.4\log4j-api-2.25.4.jar;C:\Users\manda\.m2\repository\org\slf4j\jul-to-slf4j\2.0.18\jul-to-slf4j-2.0.18.jar;C:\Users\manda\.m2\repository\jakarta\annotation\jakarta.annotation-api\3.0.0\jakarta.annotation-api-3.0.0.jar;C:\Users\manda\.m2\repository\org\yaml\snakeyaml\2.6\snakeyaml-2.6.jar;C:\Users\manda\.m2\repository\org\springframework\boot\spring-boot-starter-jdbc\4.1.0\spring-boot-starter-jdbc-4.1.0.jar;C:\Users\manda\.m2\repository\com\zaxxer\HikariCP\7.0.2\HikariCP-7.0.2.jar;C:\Users\manda\.m2\repository\org\slf4j\slf4j-api\2.0.18\slf4j-api-2.0.18.jar;C:\Users\manda\.m2\repository\org\springframework\boot\spring-boot-data-jpa\4.1.0\spring-boot-data-jpa-4.1.0.jar;C:\Users\manda\.m2\repository\org\springframework\boot\spring-boot-data-commons\4.1.0\spring-boot-data-commons-4.1.0.jar;C:\Users\manda\.m2\repository\org\springframework\boot\spring-boot-persistence\4.1.0\spring-boot-persistence-4.1.0.jar;C:\Users\manda\.m2\repository\org\springframework\data\spring-data-commons\4.1.0\spring-data-commons-4.1.0.jar;C:\Users\manda\.m2\repository\org\springframework\boot\spring-boot-hibernate\4.1.0\spring-boot-hibernate-4.1.0.jar;C:\Users\manda\.m2\repository\org\springframework\boot\spring-boot-jpa\4.1.0\spring-boot-jpa-4.1.0.jar;C:\Users\manda\.m2\repository\jakarta\persistence\jakarta.persistence-api\3.2.0\jakarta.persistence-api-3.2.0.jar;C:\Users\manda\.m2\repository\org\hibernate\orm\hibernate-core\7.4.1.Final\hibernate-core-7.4.1.Final.jar;C:\Users\manda\.m2\repository\jakarta\transaction\jakarta.transaction-api\2.0.1\jakarta.transaction-api-2.0.1.jar;C:\Users\manda\.m2\repository\org\hibernate\models\hibernate-models\1.1.1\hibernate-models-1.1.1.jar;C:\Users\manda\.m2\repository\org\glassfish\jaxb\jaxb-runtime\4.0.9\jaxb-runtime-4.0.9.jar;C:\Users\manda\.m2\repository\org\glassfish\jaxb\jaxb-core\4.0.9\jaxb-core-4.0.9.jar;C:\Users\manda\.m2\repository\org\eclipse\angus\angus-activation\2.0.3\angus-activation-2.0.3.jar;C:\Users\manda\.m2\repository\org\glassfish\jaxb\txw2\4.0.9\txw2-4.0.9.jar;C:\Users\manda\.m2\repository\com\sun\istack\istack-commons-runtime\4.1.2\istack-commons-runtime-4.1.2.jar;C:\Users\manda\.m2\repository\jakarta\inject\jakarta.inject-api\2.0.1\jakarta.inject-api-2.0.1.jar;C:\Users\manda\.m2\repository\org\springframework\spring-orm\7.0.8\spring-orm-7.0.8.jar;C:\Users\manda\.m2\repository\org\springframework\data\spring-data-jpa\4.1.0\spring-data-jpa-4.1.0.jar;C:\Users\manda\.m2\repository\org\springframework\spring-aop\7.0.8\spring-aop-7.0.8.jar;C:\Users\manda\.m2\repository\org\springframework\spring-tx\7.0.8\spring-tx-7.0.8.jar;C:\Users\manda\.m2\repository\org\springframework\spring-beans\7.0.8\spring-beans-7.0.8.jar;C:\Users\manda\.m2\repository\org\antlr\antlr4-runtime\4.13.2\antlr4-runtime-4.13.2.jar;C:\Users\manda\.m2\repository\org\springframework\spring-aspects\7.0.8\spring-aspects-7.0.8.jar;C:\Users\manda\.m2\repository\org\aspectj\aspectjweaver\1.9.25.1\aspectjweaver-1.9.25.1.jar;C:\Users\manda\.m2\repository\org\springframework\boot\spring-boot-jdbc\4.1.0\spring-boot-jdbc-4.1.0.jar;C:\Users\manda\.m2\repository\org\springframework\boot\spring-boot-sql\4.1.0\spring-boot-sql-4.1.0.jar;C:\Users\manda\.m2\repository\org\springframework\boot\spring-boot-transaction\4.1.0\spring-boot-transaction-4.1.0.jar;C:\Users\manda\.m2\repository\org\springframework\spring-jdbc\7.0.8\spring-jdbc-7.0.8.jar;C:\Users\manda\.m2\repository\org\springframework\boot\spring-boot-starter-webmvc\4.1.0\spring-boot-starter-webmvc-4.1.0.jar;C:\Users\manda\.m2\repository\org\springframework\boot\spring-boot-starter-jackson\4.1.0\spring-boot-starter-jackson-4.1.0.jar;C:\Users\manda\.m2\repository\org\springframework\boot\spring-boot-jackson\4.1.0\spring-boot-jackson-4.1.0.jar;C:\Users\manda\.m2\repository\tools\jackson\core\jackson-databind\3.1.4\jackson-databind-3.1.4.jar;C:\Users\manda\.m2\repository\com\fasterxml\jackson\core\jackson-annotations\2.21\jackson-annotations-2.21.jar;C:\Users\manda\.m2\repository\tools\jackson\core\jackson-core\3.1.4\jackson-core-3.1.4.jar;C:\Users\manda\.m2\repository\org\springframework\boot\spring-boot-starter-tomcat\4.1.0\spring-boot-starter-tomcat-4.1.0.jar;C:\Users\manda\.m2\repository\org\springframework\boot\spring-boot-starter-tomcat-runtime\4.1.0\spring-boot-starter-tomcat-runtime-4.1.0.jar;C:\Users\manda\.m2\repository\org\apache\tomcat\embed\tomcat-embed-core\11.0.22\tomcat-embed-core-11.0.22.jar;C:\Users\manda\.m2\repository\org\apache\tomcat\embed\tomcat-embed-websocket\11.0.22\tomcat-embed-websocket-11.0.22.jar;C:\Users\manda\.m2\repository\org\springframework\boot\spring-boot-tomcat\4.1.0\spring-boot-tomcat-4.1.0.jar;C:\Users\manda\.m2\repository\org\springframework\boot\spring-boot-http-converter\4.1.0\spring-boot-http-converter-4.1.0.jar;C:\Users\manda\.m2\repository\org\springframework\spring-web\7.0.8\spring-web-7.0.8.jar;C:\Users\manda\.m2\repository\io\micrometer\micrometer-observation\1.17.0\micrometer-observation-1.17.0.jar;C:\Users\manda\.m2\repository\io\micrometer\micrometer-commons\1.17.0\micrometer-commons-1.17.0.jar;C:\Users\manda\.m2\repository\org\springframework\boot\spring-boot-webmvc\4.1.0\spring-boot-webmvc-4.1.0.jar;C:\Users\manda\.m2\repository\org\springframework\boot\spring-boot-servlet\4.1.0\spring-boot-servlet-4.1.0.jar;C:\Users\manda\.m2\repository\org\springframework\spring-webmvc\7.0.8\spring-webmvc-7.0.8.jar;C:\Users\manda\.m2\repository\org\springframework\spring-expression\7.0.8\spring-expression-7.0.8.jar;C:\Users\manda\.m2\repository\org\springframework\boot\spring-boot-devtools\4.1.0\spring-boot-devtools-4.1.0.jar;C:\Users\manda\.m2\repository\org\springframework\boot\spring-boot\4.1.0\spring-boot-4.1.0.jar;C:\Users\manda\.m2\repository\org\springframework\spring-core\7.0.8\spring-core-7.0.8.jar;C:\Users\manda\.m2\repository\commons-logging\commons-logging\1.3.6\commons-logging-1.3.6.jar;C:\Users\manda\.m2\repository\org\jspecify\jspecify\1.0.0\jspecify-1.0.0.jar;C:\Users\manda\.m2\repository\org\springframework\spring-context\7.0.8\spring-context-7.0.8.jar;C:\Users\manda\.m2\repository\org\springframework\boot\spring-boot-autoconfigure\4.1.0\spring-boot-autoconfigure-4.1.0.jar;C:\Users\manda\.m2\repository\com\mysql\mysql-connector-j\9.7.0\mysql-connector-j-9.7.0.jar;C:\Users\manda\.m2\repository\org\projectlombok\lombok\1.18.46\lombok-1.18.46.jar;C:\Users\manda\.m2\repository\jakarta\xml\bind\jakarta.xml.bind-api\4.0.5\jakarta.xml.bind-api-4.0.5.jar;C:\Users\manda\.m2\repository\jakarta\activation\jakarta.activation-api\2.1.4\jakarta.activation-api-2.1.4.jar;C:\Users\manda\.m2\repository\net\bytebuddy\byte-buddy\1.18.10\byte-buddy-1.18.10.jar;C:\Users\manda\.m2\repository\org\springframework\boot\spring-boot-web-server\4.1.0\spring-boot-web-server-4.1.0.jar;C:\Users\manda\.m2\repository\org\springframework\boot\spring-boot-starter-validation\4.1.0\spring-boot-starter-validation-4.1.0.jar;C:\Users\manda\.m2\repository\org\springframework\boot\spring-boot-validation\4.1.0\spring-boot-validation-4.1.0.jar;C:\Users\manda\.m2\repository\org\apache\tomcat\embed\tomcat-embed-el\11.0.22\tomcat-embed-el-11.0.22.jar;C:\Users\manda\.m2\repository\org\hibernate\validator\hibernate-validator\9.1.0.Final\hibernate-validator-9.1.0.Final.jar;C:\Users\manda\.m2\repository\jakarta\validation\jakarta.validation-api\3.1.1\jakarta.validation-api-3.1.1.jar;C:\Users\manda\.m2\repository\org\jboss\logging\jboss-logging\3.6.3.Final\jboss-logging-3.6.3.Final.jar;C:\Users\manda\.m2\repository\com\fasterxml\classmate\1.7.3\classmate-1.7.3.jar
Launcher Type: SUN_STANDARD

[Global flags]
     intx CICompilerCount                          = 4                                         {product} {ergonomic}
     uint ConcGCThreads                            = 2                                         {product} {ergonomic}
     uint G1ConcRefinementThreads                  = 8                                         {product} {ergonomic}
   size_t G1HeapRegionSize                         = 1048576                                   {product} {ergonomic}
    uintx GCDrainStackTargetSize                   = 64                                        {product} {ergonomic}
   size_t InitialHeapSize                          = 100663296                                 {product} {ergonomic}
   size_t MarkStackSize                            = 4194304                                   {product} {ergonomic}
   size_t MaxHeapSize                              = 1581252608                                {product} {ergonomic}
   size_t MaxNewSize                               = 947912704                                 {product} {ergonomic}
   size_t MinHeapDeltaBytes                        = 1048576                                   {product} {ergonomic}
   size_t MinHeapSize                              = 8388608                                   {product} {ergonomic}
    uintx NonNMethodCodeHeapSize                   = 5839372                                {pd product} {ergonomic}
    uintx NonProfiledCodeHeapSize                  = 122909434                              {pd product} {ergonomic}
    uintx ProfiledCodeHeapSize                     = 122909434                              {pd product} {ergonomic}
    uintx ReservedCodeCacheSize                    = 251658240                              {pd product} {ergonomic}
     bool SegmentedCodeCache                       = true                                      {product} {ergonomic}
     bool ShowCodeDetailsInExceptionMessages       = true                                   {manageable} {command line}
   size_t SoftMaxHeapSize                          = 1581252608                             {manageable} {ergonomic}
     bool UseCompressedOops                        = true                           {product lp64_product} {ergonomic}
     bool UseG1GC                                  = true                                      {product} {ergonomic}
     bool UseLargePagesIndividualAllocation        = false                                  {pd product} {ergonomic}

Logging:
Log output configuration:
 #0: stdout all=warning uptime,level,tags foldmultilines=false
 #1: stderr all=off uptime,level,tags foldmultilines=false

Environment Variables:
JAVA_HOME=C:\Program Files\Amazon Corretto\jdk21.0.4_7
CLASSPATH=C:\oraclexe\app\oracle\product\10.2.0\server\jdbc\lib\ojdbc14_g.jar;"C:\Program Files (x86)\MySQL\Connector J 8.0\mysql-connector-j-8.0.33.jar;";C:\Program Files\Apache Software Foundation\Tomcat 10.1\lib\servlet-api.jar;
PATH=C:/Users/manda/OneDrive/Documents/eclipse-jee-2024-03-R-win32-x86_64/eclipse//plugins/org.eclipse.justj.openjdk.hotspot.jre.full.win32.x86_64_17.0.10.v20240120-1143/jre/bin/server;C:/Users/manda/OneDrive/Documents/eclipse-jee-2024-03-R-win32-x86_64/eclipse//plugins/org.eclipse.justj.openjdk.hotspot.jre.full.win32.x86_64_17.0.10.v20240120-1143/jre/bin;C:\Program Files\Amazon Corretto\jdk21.0.4_7\bin;C:\Program Files\Amazon Corretto\jdk17.0.10_7\bin;C:\oraclexe\app\oracle\product\10.2.0\server\bin;C:\WINDOWS\system32;C:\WINDOWS;C:\WINDOWS\System32\Wbem;C:\WINDOWS\System32\WindowsPowerShell\v1.0\;C:\WINDOWS\System32\OpenSSH\;C:\Program Files\dotnet\;C:\Program Files\Azure Data Studio\bin;C:\Program Files\Microsoft SQL Server\Client SDK\ODBC\170\Tools\Binn\;C:\Program Files (x86)\Microsoft SQL Server\160\Tools\Binn\;C:\Program Files\Microsoft SQL Server\160\Tools\Binn\;C:\Program Files\Microsoft SQL Server\160\DTS\Binn\;C:\Program Files (x86)\Microsoft SQL Server\150\DTS\Binn\;C:\TDM-GCC-64\bin;C:\Program Files\Git\cmd;C:\Program Files\Git\mingw64\bin;C:\Program Files\Git\usr\bin;C:\Program Files\nodejs\;C:\Users\manda\OneDrive\Documents\apache-maven-3.9.12-bin\apache-maven-3.9.12\bin;C:\Program Files\Amazon Corretto\jdk21.0.4_7\bin;C:\Program Files\Amazon Corretto\jdk17.0.10_7\bin;C:\oraclexe\app\oracle\product\10.2.0\server\bin;C:\WINDOWS\system32;C:\WINDOWS;C:\WINDOWS\System32\Wbem;C:\WINDOWS\System32\WindowsPowerShell\v1.0\;C:\WINDOWS\System32\OpenSSH\;C:\Program Files\dotnet\;C:\Program Files\Azure Data Studio\bin;C:\Program Files\Microsoft SQL Server\Client SDK\ODBC\170\Tools\Binn\;C:\Program Files (x86)\Microsoft SQL Server\160\Tools\Binn\;C:\Program Files\Microsoft SQL Server\160\Tools\Binn\;C:\Program Files\Microsoft SQL Server\160\DTS\Binn\;C:\Program Files (x86)\Microsoft SQL Server\150\DTS\Binn\;C:\TDM-GCC-64\bin;C:\Program Files\Git\cmd;C:\Program Files\Git\mingw64\bin;C:\Program Files\Git\usr\bin;C:\Program Files\nodejs\;C:\Users\manda\OneDrive\Documents\apache-maven-3.9.12-bin\apache-maven-3.9.12\bin;;C:\Program Files\apache-maven-3.9.6\bin;;C:\Users\manda\OneDrive\Documents\eclipse-jee-2024-03-R-win32-x86_64\eclipse;
USERNAME=manda
OS=Windows_NT
PROCESSOR_IDENTIFIER=AMD64 Family 23 Model 24 Stepping 1, AuthenticAMD
TMP=C:\Users\manda\AppData\Local\Temp
TEMP=C:\Users\manda\AppData\Local\Temp




Periodic native trim disabled

---------------  S Y S T E M  ---------------

OS:
 Windows 11 , 64 bit Build 26100 (10.0.26100.8328)
OS uptime: 11 days 0:09 hours
Hyper-V role detected

CPU: total 8 (initial active 8) (8 cores per cpu, 2 threads per core) family 23 model 24 stepping 1 microcode 0x810810e, cx8, cmov, fxsr, ht, mmx, 3dnowpref, sse, sse2, sse3, ssse3, sse4a, sse4.1, sse4.2, popcnt, lzcnt, tsc, tscinvbit, avx, avx2, aes, clmul, bmi1, bmi2, adx, sha, fma, vzeroupper, clflush, clflushopt, hv, rdtscp, f16c
Processor Information for all 8 processors :
  Max Mhz: 2100, Current Mhz: 2100, Mhz Limit: 2100

Memory: 4k page, system-wide physical 6030M (737M free)
TotalPageFile size 24462M (AvailPageFile size 0M)
current process WorkingSet (physical memory assigned to process): 117M, peak: 117M
current process commit charge ("private bytes"): 210M, peak: 210M

vm_info: OpenJDK 64-Bit Server VM (21.0.4+7-LTS) for windows-amd64 JRE (21.0.4+7-LTS), built on 2024-07-10T17:34:29Z by "Administrator" with MS VC++ 16.10 / 16.11 (VS2019)

END.
